  [1m[36m (27.7ms)[0m  [1mCREATE TABLE "schema_migrations" ("version" character varying(255) NOT NULL) [0m
  [1m[35m (4.6ms)[0m  CREATE UNIQUE INDEX  "unique_schema_migrations" ON "schema_migrations"  ("version")
  [1m[36mActiveRecord::SchemaMigration Load (0.3ms)[0m  [1mSELECT "schema_migrations".* FROM "schema_migrations"[0m
Migrating to CreateUsers (20141117181054)
  [1m[35m (0.2ms)[0m  BEGIN
  [1m[36m (27.5ms)[0m  [1mCREATE TABLE "users" ("id" serial primary key, "email" character varying(255) NOT NULL, "password_digest" character varying(255) NOT NULL, "created_at" timestamp NOT NULL, "updated_at" timestamp NOT NULL) [0m
  [1m[35m (2.2ms)[0m  CREATE UNIQUE INDEX  "index_users_on_email" ON "users"  ("email")
  [1m[36mSQL (6.3ms)[0m  [1mINSERT INTO "schema_migrations" ("version") VALUES ($1)[0m  [["version", "20141117181054"]]
  [1m[35m (6.5ms)[0m  COMMIT
  [1m[36mActiveRecord::SchemaMigration Load (0.3ms)[0m  [1mSELECT "schema_migrations".* FROM "schema_migrations"[0m


Started GET "/" for 127.0.0.1 at 2014-11-17 14:25:32 -0500
  [1m[36mActiveRecord::SchemaMigration Load (0.3ms)[0m  [1mSELECT "schema_migrations".* FROM "schema_migrations"[0m
Processing by Rails::WelcomeController#index as HTML
  Rendered /Users/Neil/.rvm/gems/ruby-2.1.2/gems/railties-4.1.6/lib/rails/templates/rails/welcome/index.html.erb (2.3ms)
Completed 200 OK in 33ms (Views: 25.4ms | ActiveRecord: 0.0ms)


Started GET "/users/new" for 127.0.0.1 at 2014-11-17 14:25:43 -0500
Processing by UsersController#new as HTML
  Rendered users/new.html.erb within layouts/application (16.4ms)
Completed 500 Internal Server Error in 1056ms

ActionView::Template::Error (undefined local variable or method `root_path' for #<#<Class:0x007fde6b3c5450>:0x007fde6b3c4a50>):
    16:   <% end %>
    17: 
    18: 
    19:   <h1><%= link_to "Rentr", root_path %></h1>
    20: 
    21: 
    22: <%= yield %>
  app/views/layouts/application.html.erb:19:in `_app_views_layouts_application_html_erb__1313229297854997335_70296629289120'


  Rendered /Users/Neil/.rvm/gems/ruby-2.1.2/gems/actionpack-4.1.6/lib/action_dispatch/middleware/templates/rescues/_trace.html.erb (1.2ms)
  Rendered /Users/Neil/.rvm/gems/ruby-2.1.2/gems/actionpack-4.1.6/lib/action_dispatch/middleware/templates/rescues/_request_and_response.html.erb (1.0ms)
  Rendered /Users/Neil/.rvm/gems/ruby-2.1.2/gems/actionpack-4.1.6/lib/action_dispatch/middleware/templates/rescues/template_error.html.erb within rescues/layout (17.2ms)


Started GET "/users" for 127.0.0.1 at 2014-11-17 14:25:44 -0500

ActionController::RoutingError (No route matches [GET] "/users"):
  actionpack (4.1.6) lib/action_dispatch/middleware/debug_exceptions.rb:21:in `call'
  actionpack (4.1.6) lib/action_dispatch/middleware/show_exceptions.rb:30:in `call'
  railties (4.1.6) lib/rails/rack/logger.rb:38:in `call_app'
  railties (4.1.6) lib/rails/rack/logger.rb:20:in `block in call'
  activesupport (4.1.6) lib/active_support/tagged_logging.rb:68:in `block in tagged'
  activesupport (4.1.6) lib/active_support/tagged_logging.rb:26:in `tagged'
  activesupport (4.1.6) lib/active_support/tagged_logging.rb:68:in `tagged'
  railties (4.1.6) lib/rails/rack/logger.rb:20:in `call'
  actionpack (4.1.6) lib/action_dispatch/middleware/request_id.rb:21:in `call'
  rack (1.5.2) lib/rack/methodoverride.rb:21:in `call'
  rack (1.5.2) lib/rack/runtime.rb:17:in `call'
  activesupport (4.1.6) lib/active_support/cache/strategy/local_cache_middleware.rb:26:in `call'
  rack (1.5.2) lib/rack/lock.rb:17:in `call'
  actionpack (4.1.6) lib/action_dispatch/middleware/static.rb:64:in `call'
  rack (1.5.2) lib/rack/sendfile.rb:112:in `call'
  railties (4.1.6) lib/rails/engine.rb:514:in `call'
  railties (4.1.6) lib/rails/application.rb:144:in `call'
  rack (1.5.2) lib/rack/lock.rb:17:in `call'
  rack (1.5.2) lib/rack/content_length.rb:14:in `call'
  rack (1.5.2) lib/rack/handler/webrick.rb:60:in `service'
  /Users/Neil/.rvm/rubies/ruby-2.1.2/lib/ruby/2.1.0/webrick/httpserver.rb:138:in `service'
  /Users/Neil/.rvm/rubies/ruby-2.1.2/lib/ruby/2.1.0/webrick/httpserver.rb:94:in `run'
  /Users/Neil/.rvm/rubies/ruby-2.1.2/lib/ruby/2.1.0/webrick/server.rb:295:in `block in start_thread'


  Rendered /Users/Neil/.rvm/gems/ruby-2.1.2/gems/actionpack-4.1.6/lib/action_dispatch/middleware/templates/rescues/_trace.html.erb (0.9ms)
  Rendered /Users/Neil/.rvm/gems/ruby-2.1.2/gems/actionpack-4.1.6/lib/action_dispatch/middleware/templates/routes/_route.html.erb (1.0ms)
  Rendered /Users/Neil/.rvm/gems/ruby-2.1.2/gems/actionpack-4.1.6/lib/action_dispatch/middleware/templates/routes/_table.html.erb (4.1ms)
  Rendered /Users/Neil/.rvm/gems/ruby-2.1.2/gems/actionpack-4.1.6/lib/action_dispatch/middleware/templates/rescues/routing_error.html.erb within rescues/layout (36.1ms)


Started GET "/landings" for 127.0.0.1 at 2014-11-17 14:25:53 -0500

ActionController::RoutingError (No route matches [GET] "/landings"):
  actionpack (4.1.6) lib/action_dispatch/middleware/debug_exceptions.rb:21:in `call'
  actionpack (4.1.6) lib/action_dispatch/middleware/show_exceptions.rb:30:in `call'
  railties (4.1.6) lib/rails/rack/logger.rb:38:in `call_app'
  railties (4.1.6) lib/rails/rack/logger.rb:20:in `block in call'
  activesupport (4.1.6) lib/active_support/tagged_logging.rb:68:in `block in tagged'
  activesupport (4.1.6) lib/active_support/tagged_logging.rb:26:in `tagged'
  activesupport (4.1.6) lib/active_support/tagged_logging.rb:68:in `tagged'
  railties (4.1.6) lib/rails/rack/logger.rb:20:in `call'
  actionpack (4.1.6) lib/action_dispatch/middleware/request_id.rb:21:in `call'
  rack (1.5.2) lib/rack/methodoverride.rb:21:in `call'
  rack (1.5.2) lib/rack/runtime.rb:17:in `call'
  activesupport (4.1.6) lib/active_support/cache/strategy/local_cache_middleware.rb:26:in `call'
  rack (1.5.2) lib/rack/lock.rb:17:in `call'
  actionpack (4.1.6) lib/action_dispatch/middleware/static.rb:64:in `call'
  rack (1.5.2) lib/rack/sendfile.rb:112:in `call'
  railties (4.1.6) lib/rails/engine.rb:514:in `call'
  railties (4.1.6) lib/rails/application.rb:144:in `call'
  rack (1.5.2) lib/rack/lock.rb:17:in `call'
  rack (1.5.2) lib/rack/content_length.rb:14:in `call'
  rack (1.5.2) lib/rack/handler/webrick.rb:60:in `service'
  /Users/Neil/.rvm/rubies/ruby-2.1.2/lib/ruby/2.1.0/webrick/httpserver.rb:138:in `service'
  /Users/Neil/.rvm/rubies/ruby-2.1.2/lib/ruby/2.1.0/webrick/httpserver.rb:94:in `run'
  /Users/Neil/.rvm/rubies/ruby-2.1.2/lib/ruby/2.1.0/webrick/server.rb:295:in `block in start_thread'


  Rendered /Users/Neil/.rvm/gems/ruby-2.1.2/gems/actionpack-4.1.6/lib/action_dispatch/middleware/templates/rescues/_trace.html.erb (1.1ms)
  Rendered /Users/Neil/.rvm/gems/ruby-2.1.2/gems/actionpack-4.1.6/lib/action_dispatch/middleware/templates/routes/_route.html.erb (0.8ms)
  Rendered /Users/Neil/.rvm/gems/ruby-2.1.2/gems/actionpack-4.1.6/lib/action_dispatch/middleware/templates/routes/_table.html.erb (0.8ms)
  Rendered /Users/Neil/.rvm/gems/ruby-2.1.2/gems/actionpack-4.1.6/lib/action_dispatch/middleware/templates/rescues/routing_error.html.erb within rescues/layout (13.8ms)


Started GET "/rails/info" for 127.0.0.1 at 2014-11-17 14:26:03 -0500
Processing by Rails::InfoController#index as HTML
Redirected to http://localhost:3000/rails/info/routes
Completed 302 Found in 1ms (ActiveRecord: 0.0ms)


Started GET "/rails/info/routes" for 127.0.0.1 at 2014-11-17 14:26:03 -0500
Processing by Rails::InfoController#routes as HTML
  Rendered /Users/Neil/.rvm/gems/ruby-2.1.2/gems/actionpack-4.1.6/lib/action_dispatch/middleware/templates/routes/_route.html.erb (0.9ms)
  Rendered /Users/Neil/.rvm/gems/ruby-2.1.2/gems/actionpack-4.1.6/lib/action_dispatch/middleware/templates/routes/_table.html.erb (1.1ms)
  Rendered /Users/Neil/.rvm/gems/ruby-2.1.2/gems/railties-4.1.6/lib/rails/templates/rails/info/routes.html.erb within layouts/application (4.4ms)
Completed 200 OK in 11ms (Views: 10.5ms | ActiveRecord: 0.0ms)


Started GET "/users/new" for 127.0.0.1 at 2014-11-17 14:26:18 -0500
Processing by UsersController#new as HTML
  Rendered users/new.html.erb within layouts/application (1.8ms)
Completed 500 Internal Server Error in 37ms

ActionView::Template::Error (undefined local variable or method `root_path' for #<#<Class:0x007fde6b3c5450>:0x007fde6c09e938>):
    16:   <% end %>
    17: 
    18: 
    19:   <h1><%= link_to "Rentr", root_path %></h1>
    20: 
    21: 
    22: <%= yield %>
  app/views/layouts/application.html.erb:19:in `_app_views_layouts_application_html_erb__1313229297854997335_70296629289120'


  Rendered /Users/Neil/.rvm/gems/ruby-2.1.2/gems/actionpack-4.1.6/lib/action_dispatch/middleware/templates/rescues/_trace.html.erb (1.3ms)
  Rendered /Users/Neil/.rvm/gems/ruby-2.1.2/gems/actionpack-4.1.6/lib/action_dispatch/middleware/templates/rescues/_request_and_response.html.erb (0.7ms)
  Rendered /Users/Neil/.rvm/gems/ruby-2.1.2/gems/actionpack-4.1.6/lib/action_dispatch/middleware/templates/rescues/template_error.html.erb within rescues/layout (8.8ms)


Started GET "/users/new" for 127.0.0.1 at 2014-11-17 14:26:54 -0500
Processing by UsersController#new as HTML
  Rendered users/new.html.erb within layouts/application (1.3ms)
Completed 200 OK in 25ms (Views: 24.7ms | ActiveRecord: 0.0ms)


Started GET "/assets/application.css?body=1" for 127.0.0.1 at 2014-11-17 14:26:55 -0500


Started GET "/assets/application.js?body=1" for 127.0.0.1 at 2014-11-17 14:26:55 -0500


Started GET "/assets/jquery_ujs.js?body=1" for 127.0.0.1 at 2014-11-17 14:26:55 -0500


Started GET "/assets/turbolinks.js?body=1" for 127.0.0.1 at 2014-11-17 14:26:55 -0500


Started GET "/assets/jquery.js?body=1" for 127.0.0.1 at 2014-11-17 14:26:55 -0500


Started GET "/session/new" for 127.0.0.1 at 2014-11-17 14:27:16 -0500
Processing by SessionsController#new as HTML
  Rendered sessions/new.html.erb within layouts/application (1.2ms)
Completed 200 OK in 23ms (Views: 22.3ms | ActiveRecord: 0.0ms)


Started GET "/users/new" for 127.0.0.1 at 2014-11-17 14:27:17 -0500
Processing by UsersController#new as HTML
  Rendered users/new.html.erb within layouts/application (2.0ms)
Completed 200 OK in 27ms (Views: 26.6ms | ActiveRecord: 0.0ms)


Started GET "/users/new" for 127.0.0.1 at 2014-11-17 14:27:19 -0500
Processing by UsersController#new as HTML
  Rendered users/new.html.erb within layouts/application (1.2ms)
Completed 200 OK in 28ms (Views: 27.6ms | ActiveRecord: 0.0ms)


Started POST "/users" for 127.0.0.1 at 2014-11-17 14:27:29 -0500
Processing by UsersController#create as HTML
  Parameters: {"utf8"=>"✓", "authenticity_token"=>"At/KnmrOC3mmBTVAK8uQE3sm+ldGVgOXdpmqlKagMFE=", "user"=>{"email"=>"n@gmail.com", "password"=>"[FILTERED]"}, "commit"=>"Sign up"}
  [1m[35m (0.1ms)[0m  BEGIN
  [1m[36mUser Exists (0.7ms)[0m  [1mSELECT  1 AS one FROM "users"  WHERE "users"."email" = 'n@gmail.com' LIMIT 1[0m
  [1m[35mSQL (11.8ms)[0m  INSERT INTO "users" ("created_at", "email", "password_digest", "updated_at") VALUES ($1, $2, $3, $4) RETURNING "id"  [["created_at", "2014-11-17 19:27:29.876799"], ["email", "n@gmail.com"], ["password_digest", "$2a$10$ByUTEmgSN.1m4kUv4qd1Zus9EtNgQCnsGJFPcGeONL9CCOU3Zzv5S"], ["updated_at", "2014-11-17 19:27:29.876799"]]
  [1m[36m (6.4ms)[0m  [1mCOMMIT[0m
  [1m[35mUser Exists (0.6ms)[0m  SELECT  1 AS one FROM "users"  WHERE ("users"."email" = 'n@gmail.com' AND "users"."id" != 1) LIMIT 1
Completed 500 Internal Server Error in 109ms

NameError (undefined local variable or method `root_path' for #<UsersController:0x007fde6b3cf798>):
  app/controllers/users_controller.rb:13:in `create'


  Rendered /Users/Neil/.rvm/gems/ruby-2.1.2/gems/actionpack-4.1.6/lib/action_dispatch/middleware/templates/rescues/_source.erb (0.6ms)
  Rendered /Users/Neil/.rvm/gems/ruby-2.1.2/gems/actionpack-4.1.6/lib/action_dispatch/middleware/templates/rescues/_trace.html.erb (0.8ms)
  Rendered /Users/Neil/.rvm/gems/ruby-2.1.2/gems/actionpack-4.1.6/lib/action_dispatch/middleware/templates/rescues/_request_and_response.html.erb (0.7ms)
  Rendered /Users/Neil/.rvm/gems/ruby-2.1.2/gems/actionpack-4.1.6/lib/action_dispatch/middleware/templates/rescues/diagnostics.erb within rescues/layout (16.3ms)


Started POST "/users" for 127.0.0.1 at 2014-11-17 14:30:36 -0500
Processing by UsersController#create as HTML
  Parameters: {"utf8"=>"✓", "authenticity_token"=>"At/KnmrOC3mmBTVAK8uQE3sm+ldGVgOXdpmqlKagMFE=", "user"=>{"email"=>"n@gmail.com", "password"=>"[FILTERED]"}, "commit"=>"Sign up"}
  [1m[36m (0.1ms)[0m  [1mBEGIN[0m
  [1m[35mUser Exists (0.2ms)[0m  SELECT  1 AS one FROM "users"  WHERE "users"."email" = 'n@gmail.com' LIMIT 1
  [1m[36m (0.4ms)[0m  [1mROLLBACK[0m
  [1m[35mCACHE (0.0ms)[0m  SELECT  1 AS one FROM "users"  WHERE "users"."email" = 'n@gmail.com' LIMIT 1
  Rendered users/new.html.erb within layouts/application (1.7ms)
Completed 200 OK in 100ms (Views: 20.6ms | ActiveRecord: 2.1ms)


Started GET "/assets/application.css?body=1" for 127.0.0.1 at 2014-11-17 14:30:36 -0500


Started GET "/assets/jquery.js?body=1" for 127.0.0.1 at 2014-11-17 14:30:36 -0500


Started GET "/assets/turbolinks.js?body=1" for 127.0.0.1 at 2014-11-17 14:30:36 -0500


Started GET "/assets/jquery_ujs.js?body=1" for 127.0.0.1 at 2014-11-17 14:30:36 -0500


Started GET "/assets/application.js?body=1" for 127.0.0.1 at 2014-11-17 14:30:36 -0500


Started GET "/users/new" for 127.0.0.1 at 2014-11-17 14:30:40 -0500
Processing by UsersController#new as HTML
  Rendered users/new.html.erb within layouts/application (1.2ms)
Completed 200 OK in 22ms (Views: 21.4ms | ActiveRecord: 0.0ms)


Started GET "/assets/application.css?body=1" for 127.0.0.1 at 2014-11-17 14:30:40 -0500


Started GET "/assets/jquery.js?body=1" for 127.0.0.1 at 2014-11-17 14:30:40 -0500


Started GET "/assets/jquery_ujs.js?body=1" for 127.0.0.1 at 2014-11-17 14:30:40 -0500


Started GET "/assets/turbolinks.js?body=1" for 127.0.0.1 at 2014-11-17 14:30:40 -0500


Started GET "/assets/application.js?body=1" for 127.0.0.1 at 2014-11-17 14:30:40 -0500


Started POST "/users" for 127.0.0.1 at 2014-11-17 14:30:54 -0500
Processing by UsersController#create as HTML
  Parameters: {"utf8"=>"✓", "authenticity_token"=>"At/KnmrOC3mmBTVAK8uQE3sm+ldGVgOXdpmqlKagMFE=", "user"=>{"email"=>"z@z.com", "password"=>"[FILTERED]"}, "commit"=>"Sign up"}
  [1m[36m (0.1ms)[0m  [1mBEGIN[0m
  [1m[35mUser Exists (0.2ms)[0m  SELECT  1 AS one FROM "users"  WHERE "users"."email" = 'z@z.com' LIMIT 1
  [1m[36mSQL (0.2ms)[0m  [1mINSERT INTO "users" ("created_at", "email", "password_digest", "updated_at") VALUES ($1, $2, $3, $4) RETURNING "id"[0m  [["created_at", "2014-11-17 19:30:54.701342"], ["email", "z@z.com"], ["password_digest", "$2a$10$/5WwuuiznnlXUGUvGmq2BO8ekLdK.XUA5jDSXDPBk8RibYdPijODi"], ["updated_at", "2014-11-17 19:30:54.701342"]]
  [1m[35m (0.4ms)[0m  COMMIT
  [1m[36mUser Exists (0.4ms)[0m  [1mSELECT  1 AS one FROM "users"  WHERE ("users"."email" = 'z@z.com' AND "users"."id" != 2) LIMIT 1[0m
Redirected to http://localhost:3000/
Completed 302 Found in 75ms (ActiveRecord: 1.4ms)


Started GET "/" for 127.0.0.1 at 2014-11-17 14:30:54 -0500
  [1m[35mUser Load (0.4ms)[0m  SELECT  "users".* FROM "users"  WHERE "users"."id" = 2 LIMIT 1

ActionController::RoutingError (uninitialized constant DashboardsController):
  activesupport (4.1.6) lib/active_support/inflector/methods.rb:238:in `const_get'
  activesupport (4.1.6) lib/active_support/inflector/methods.rb:238:in `block in constantize'
  activesupport (4.1.6) lib/active_support/inflector/methods.rb:236:in `each'
  activesupport (4.1.6) lib/active_support/inflector/methods.rb:236:in `inject'
  activesupport (4.1.6) lib/active_support/inflector/methods.rb:236:in `constantize'
  actionpack (4.1.6) lib/action_dispatch/routing/route_set.rb:78:in `controller_reference'
  actionpack (4.1.6) lib/action_dispatch/routing/route_set.rb:68:in `controller'
  actionpack (4.1.6) lib/action_dispatch/routing/route_set.rb:46:in `call'
  actionpack (4.1.6) lib/action_dispatch/routing/mapper.rb:45:in `call'
  actionpack (4.1.6) lib/action_dispatch/journey/router.rb:73:in `block in call'
  actionpack (4.1.6) lib/action_dispatch/journey/router.rb:59:in `each'
  actionpack (4.1.6) lib/action_dispatch/journey/router.rb:59:in `call'
  actionpack (4.1.6) lib/action_dispatch/routing/route_set.rb:678:in `call'
  warden (1.2.3) lib/warden/manager.rb:35:in `block in call'
  warden (1.2.3) lib/warden/manager.rb:34:in `catch'
  warden (1.2.3) lib/warden/manager.rb:34:in `call'
  rack (1.5.2) lib/rack/etag.rb:23:in `call'
  rack (1.5.2) lib/rack/conditionalget.rb:25:in `call'
  rack (1.5.2) lib/rack/head.rb:11:in `call'
  actionpack (4.1.6) lib/action_dispatch/middleware/params_parser.rb:27:in `call'
  actionpack (4.1.6) lib/action_dispatch/middleware/flash.rb:254:in `call'
  rack (1.5.2) lib/rack/session/abstract/id.rb:225:in `context'
  rack (1.5.2) lib/rack/session/abstract/id.rb:220:in `call'
  actionpack (4.1.6) lib/action_dispatch/middleware/cookies.rb:560:in `call'
  activerecord (4.1.6) lib/active_record/query_cache.rb:36:in `call'
  activerecord (4.1.6) lib/active_record/connection_adapters/abstract/connection_pool.rb:621:in `call'
  activerecord (4.1.6) lib/active_record/migration.rb:380:in `call'
  actionpack (4.1.6) lib/action_dispatch/middleware/callbacks.rb:29:in `block in call'
  activesupport (4.1.6) lib/active_support/callbacks.rb:82:in `run_callbacks'
  actionpack (4.1.6) lib/action_dispatch/middleware/callbacks.rb:27:in `call'
  actionpack (4.1.6) lib/action_dispatch/middleware/reloader.rb:73:in `call'
  actionpack (4.1.6) lib/action_dispatch/middleware/remote_ip.rb:76:in `call'
  actionpack (4.1.6) lib/action_dispatch/middleware/debug_exceptions.rb:17:in `call'
  actionpack (4.1.6) lib/action_dispatch/middleware/show_exceptions.rb:30:in `call'
  railties (4.1.6) lib/rails/rack/logger.rb:38:in `call_app'
  railties (4.1.6) lib/rails/rack/logger.rb:20:in `block in call'
  activesupport (4.1.6) lib/active_support/tagged_logging.rb:68:in `block in tagged'
  activesupport (4.1.6) lib/active_support/tagged_logging.rb:26:in `tagged'
  activesupport (4.1.6) lib/active_support/tagged_logging.rb:68:in `tagged'
  railties (4.1.6) lib/rails/rack/logger.rb:20:in `call'
  actionpack (4.1.6) lib/action_dispatch/middleware/request_id.rb:21:in `call'
  rack (1.5.2) lib/rack/methodoverride.rb:21:in `call'
  rack (1.5.2) lib/rack/runtime.rb:17:in `call'
  activesupport (4.1.6) lib/active_support/cache/strategy/local_cache_middleware.rb:26:in `call'
  rack (1.5.2) lib/rack/lock.rb:17:in `call'
  actionpack (4.1.6) lib/action_dispatch/middleware/static.rb:64:in `call'
  rack (1.5.2) lib/rack/sendfile.rb:112:in `call'
  railties (4.1.6) lib/rails/engine.rb:514:in `call'
  railties (4.1.6) lib/rails/application.rb:144:in `call'
  rack (1.5.2) lib/rack/lock.rb:17:in `call'
  rack (1.5.2) lib/rack/content_length.rb:14:in `call'
  rack (1.5.2) lib/rack/handler/webrick.rb:60:in `service'
  /Users/Neil/.rvm/rubies/ruby-2.1.2/lib/ruby/2.1.0/webrick/httpserver.rb:138:in `service'
  /Users/Neil/.rvm/rubies/ruby-2.1.2/lib/ruby/2.1.0/webrick/httpserver.rb:94:in `run'
  /Users/Neil/.rvm/rubies/ruby-2.1.2/lib/ruby/2.1.0/webrick/server.rb:295:in `block in start_thread'


  Rendered /Users/Neil/.rvm/gems/ruby-2.1.2/gems/actionpack-4.1.6/lib/action_dispatch/middleware/templates/rescues/_trace.html.erb (0.9ms)
  Rendered /Users/Neil/.rvm/gems/ruby-2.1.2/gems/actionpack-4.1.6/lib/action_dispatch/middleware/templates/routes/_route.html.erb (0.8ms)
  Rendered /Users/Neil/.rvm/gems/ruby-2.1.2/gems/actionpack-4.1.6/lib/action_dispatch/middleware/templates/routes/_table.html.erb (6.5ms)
  Rendered /Users/Neil/.rvm/gems/ruby-2.1.2/gems/actionpack-4.1.6/lib/action_dispatch/middleware/templates/rescues/routing_error.html.erb within rescues/layout (20.5ms)


Started GET "/" for 127.0.0.1 at 2014-11-17 14:43:12 -0500
  [1m[36mUser Load (0.3ms)[0m  [1mSELECT  "users".* FROM "users"  WHERE "users"."id" = 2 LIMIT 1[0m

LoadError (Unable to autoload constant DashboardsController, expected /Users/Neil/Desktop/Metis_Work/rentr/app/controllers/dashboards_controller.rb to define it):
  activesupport (4.1.6) lib/active_support/dependencies.rb:481:in `load_missing_constant'
  activesupport (4.1.6) lib/active_support/dependencies.rb:180:in `const_missing'
  activesupport (4.1.6) lib/active_support/inflector/methods.rb:238:in `const_get'
  activesupport (4.1.6) lib/active_support/inflector/methods.rb:238:in `block in constantize'
  activesupport (4.1.6) lib/active_support/inflector/methods.rb:236:in `each'
  activesupport (4.1.6) lib/active_support/inflector/methods.rb:236:in `inject'
  activesupport (4.1.6) lib/active_support/inflector/methods.rb:236:in `constantize'
  activesupport (4.1.6) lib/active_support/dependencies.rb:552:in `get'
  activesupport (4.1.6) lib/active_support/dependencies.rb:583:in `constantize'
  actionpack (4.1.6) lib/action_dispatch/routing/route_set.rb:78:in `controller_reference'
  actionpack (4.1.6) lib/action_dispatch/routing/route_set.rb:68:in `controller'
  actionpack (4.1.6) lib/action_dispatch/routing/route_set.rb:46:in `call'
  actionpack (4.1.6) lib/action_dispatch/routing/mapper.rb:45:in `call'
  actionpack (4.1.6) lib/action_dispatch/journey/router.rb:73:in `block in call'
  actionpack (4.1.6) lib/action_dispatch/journey/router.rb:59:in `each'
  actionpack (4.1.6) lib/action_dispatch/journey/router.rb:59:in `call'
  actionpack (4.1.6) lib/action_dispatch/routing/route_set.rb:678:in `call'
  warden (1.2.3) lib/warden/manager.rb:35:in `block in call'
  warden (1.2.3) lib/warden/manager.rb:34:in `catch'
  warden (1.2.3) lib/warden/manager.rb:34:in `call'
  rack (1.5.2) lib/rack/etag.rb:23:in `call'
  rack (1.5.2) lib/rack/conditionalget.rb:25:in `call'
  rack (1.5.2) lib/rack/head.rb:11:in `call'
  actionpack (4.1.6) lib/action_dispatch/middleware/params_parser.rb:27:in `call'
  actionpack (4.1.6) lib/action_dispatch/middleware/flash.rb:254:in `call'
  rack (1.5.2) lib/rack/session/abstract/id.rb:225:in `context'
  rack (1.5.2) lib/rack/session/abstract/id.rb:220:in `call'
  actionpack (4.1.6) lib/action_dispatch/middleware/cookies.rb:560:in `call'
  activerecord (4.1.6) lib/active_record/query_cache.rb:36:in `call'
  activerecord (4.1.6) lib/active_record/connection_adapters/abstract/connection_pool.rb:621:in `call'
  activerecord (4.1.6) lib/active_record/migration.rb:380:in `call'
  actionpack (4.1.6) lib/action_dispatch/middleware/callbacks.rb:29:in `block in call'
  activesupport (4.1.6) lib/active_support/callbacks.rb:82:in `run_callbacks'
  actionpack (4.1.6) lib/action_dispatch/middleware/callbacks.rb:27:in `call'
  actionpack (4.1.6) lib/action_dispatch/middleware/reloader.rb:73:in `call'
  actionpack (4.1.6) lib/action_dispatch/middleware/remote_ip.rb:76:in `call'
  actionpack (4.1.6) lib/action_dispatch/middleware/debug_exceptions.rb:17:in `call'
  actionpack (4.1.6) lib/action_dispatch/middleware/show_exceptions.rb:30:in `call'
  railties (4.1.6) lib/rails/rack/logger.rb:38:in `call_app'
  railties (4.1.6) lib/rails/rack/logger.rb:20:in `block in call'
  activesupport (4.1.6) lib/active_support/tagged_logging.rb:68:in `block in tagged'
  activesupport (4.1.6) lib/active_support/tagged_logging.rb:26:in `tagged'
  activesupport (4.1.6) lib/active_support/tagged_logging.rb:68:in `tagged'
  railties (4.1.6) lib/rails/rack/logger.rb:20:in `call'
  actionpack (4.1.6) lib/action_dispatch/middleware/request_id.rb:21:in `call'
  rack (1.5.2) lib/rack/methodoverride.rb:21:in `call'
  rack (1.5.2) lib/rack/runtime.rb:17:in `call'
  activesupport (4.1.6) lib/active_support/cache/strategy/local_cache_middleware.rb:26:in `call'
  rack (1.5.2) lib/rack/lock.rb:17:in `call'
  actionpack (4.1.6) lib/action_dispatch/middleware/static.rb:64:in `call'
  rack (1.5.2) lib/rack/sendfile.rb:112:in `call'
  railties (4.1.6) lib/rails/engine.rb:514:in `call'
  railties (4.1.6) lib/rails/application.rb:144:in `call'
  rack (1.5.2) lib/rack/lock.rb:17:in `call'
  rack (1.5.2) lib/rack/content_length.rb:14:in `call'
  rack (1.5.2) lib/rack/handler/webrick.rb:60:in `service'
  /Users/Neil/.rvm/rubies/ruby-2.1.2/lib/ruby/2.1.0/webrick/httpserver.rb:138:in `service'
  /Users/Neil/.rvm/rubies/ruby-2.1.2/lib/ruby/2.1.0/webrick/httpserver.rb:94:in `run'
  /Users/Neil/.rvm/rubies/ruby-2.1.2/lib/ruby/2.1.0/webrick/server.rb:295:in `block in start_thread'


  Rendered /Users/Neil/.rvm/gems/ruby-2.1.2/gems/actionpack-4.1.6/lib/action_dispatch/middleware/templates/rescues/_source.erb (0.6ms)
  Rendered /Users/Neil/.rvm/gems/ruby-2.1.2/gems/actionpack-4.1.6/lib/action_dispatch/middleware/templates/rescues/_trace.html.erb (0.8ms)
  Rendered /Users/Neil/.rvm/gems/ruby-2.1.2/gems/actionpack-4.1.6/lib/action_dispatch/middleware/templates/rescues/_request_and_response.html.erb (0.6ms)
  Rendered /Users/Neil/.rvm/gems/ruby-2.1.2/gems/actionpack-4.1.6/lib/action_dispatch/middleware/templates/rescues/diagnostics.erb within rescues/layout (11.9ms)


Started GET "/" for 127.0.0.1 at 2014-11-17 14:44:01 -0500
  [1m[35mUser Load (0.3ms)[0m  SELECT  "users".* FROM "users"  WHERE "users"."id" = 2 LIMIT 1

AbstractController::ActionNotFound (The action 'show' could not be found for DashboardsController):
  actionpack (4.1.6) lib/abstract_controller/base.rb:131:in `process'
  actionview (4.1.6) lib/action_view/rendering.rb:30:in `process'
  actionpack (4.1.6) lib/action_controller/metal.rb:196:in `dispatch'
  actionpack (4.1.6) lib/action_controller/metal/rack_delegation.rb:13:in `dispatch'
  actionpack (4.1.6) lib/action_controller/metal.rb:232:in `block in action'
  actionpack (4.1.6) lib/action_dispatch/routing/route_set.rb:82:in `call'
  actionpack (4.1.6) lib/action_dispatch/routing/route_set.rb:82:in `dispatch'
  actionpack (4.1.6) lib/action_dispatch/routing/route_set.rb:50:in `call'
  actionpack (4.1.6) lib/action_dispatch/routing/mapper.rb:45:in `call'
  actionpack (4.1.6) lib/action_dispatch/journey/router.rb:73:in `block in call'
  actionpack (4.1.6) lib/action_dispatch/journey/router.rb:59:in `each'
  actionpack (4.1.6) lib/action_dispatch/journey/router.rb:59:in `call'
  actionpack (4.1.6) lib/action_dispatch/routing/route_set.rb:678:in `call'
  warden (1.2.3) lib/warden/manager.rb:35:in `block in call'
  warden (1.2.3) lib/warden/manager.rb:34:in `catch'
  warden (1.2.3) lib/warden/manager.rb:34:in `call'
  rack (1.5.2) lib/rack/etag.rb:23:in `call'
  rack (1.5.2) lib/rack/conditionalget.rb:25:in `call'
  rack (1.5.2) lib/rack/head.rb:11:in `call'
  actionpack (4.1.6) lib/action_dispatch/middleware/params_parser.rb:27:in `call'
  actionpack (4.1.6) lib/action_dispatch/middleware/flash.rb:254:in `call'
  rack (1.5.2) lib/rack/session/abstract/id.rb:225:in `context'
  rack (1.5.2) lib/rack/session/abstract/id.rb:220:in `call'
  actionpack (4.1.6) lib/action_dispatch/middleware/cookies.rb:560:in `call'
  activerecord (4.1.6) lib/active_record/query_cache.rb:36:in `call'
  activerecord (4.1.6) lib/active_record/connection_adapters/abstract/connection_pool.rb:621:in `call'
  activerecord (4.1.6) lib/active_record/migration.rb:380:in `call'
  actionpack (4.1.6) lib/action_dispatch/middleware/callbacks.rb:29:in `block in call'
  activesupport (4.1.6) lib/active_support/callbacks.rb:82:in `run_callbacks'
  actionpack (4.1.6) lib/action_dispatch/middleware/callbacks.rb:27:in `call'
  actionpack (4.1.6) lib/action_dispatch/middleware/reloader.rb:73:in `call'
  actionpack (4.1.6) lib/action_dispatch/middleware/remote_ip.rb:76:in `call'
  actionpack (4.1.6) lib/action_dispatch/middleware/debug_exceptions.rb:17:in `call'
  actionpack (4.1.6) lib/action_dispatch/middleware/show_exceptions.rb:30:in `call'
  railties (4.1.6) lib/rails/rack/logger.rb:38:in `call_app'
  railties (4.1.6) lib/rails/rack/logger.rb:20:in `block in call'
  activesupport (4.1.6) lib/active_support/tagged_logging.rb:68:in `block in tagged'
  activesupport (4.1.6) lib/active_support/tagged_logging.rb:26:in `tagged'
  activesupport (4.1.6) lib/active_support/tagged_logging.rb:68:in `tagged'
  railties (4.1.6) lib/rails/rack/logger.rb:20:in `call'
  actionpack (4.1.6) lib/action_dispatch/middleware/request_id.rb:21:in `call'
  rack (1.5.2) lib/rack/methodoverride.rb:21:in `call'
  rack (1.5.2) lib/rack/runtime.rb:17:in `call'
  activesupport (4.1.6) lib/active_support/cache/strategy/local_cache_middleware.rb:26:in `call'
  rack (1.5.2) lib/rack/lock.rb:17:in `call'
  actionpack (4.1.6) lib/action_dispatch/middleware/static.rb:64:in `call'
  rack (1.5.2) lib/rack/sendfile.rb:112:in `call'
  railties (4.1.6) lib/rails/engine.rb:514:in `call'
  railties (4.1.6) lib/rails/application.rb:144:in `call'
  rack (1.5.2) lib/rack/lock.rb:17:in `call'
  rack (1.5.2) lib/rack/content_length.rb:14:in `call'
  rack (1.5.2) lib/rack/handler/webrick.rb:60:in `service'
  /Users/Neil/.rvm/rubies/ruby-2.1.2/lib/ruby/2.1.0/webrick/httpserver.rb:138:in `service'
  /Users/Neil/.rvm/rubies/ruby-2.1.2/lib/ruby/2.1.0/webrick/httpserver.rb:94:in `run'
  /Users/Neil/.rvm/rubies/ruby-2.1.2/lib/ruby/2.1.0/webrick/server.rb:295:in `block in start_thread'


  Rendered /Users/Neil/.rvm/gems/ruby-2.1.2/gems/actionpack-4.1.6/lib/action_dispatch/middleware/templates/rescues/unknown_action.html.erb within rescues/layout (0.6ms)


Started GET "/" for 127.0.0.1 at 2014-11-17 14:51:16 -0500
  [1m[36mUser Load (0.3ms)[0m  [1mSELECT  "users".* FROM "users"  WHERE "users"."id" = 2 LIMIT 1[0m
Processing by DashboardsController#show as HTML
Completed 500 Internal Server Error in 1ms

ActionView::MissingTemplate (Missing template dashboards/show, application/show with {:locale=>[:en], :formats=>[:html], :variants=>[], :handlers=>[:erb, :builder, :raw, :ruby, :coffee, :jbuilder]}. Searched in:
  * "/Users/Neil/Desktop/Metis_Work/rentr/app/views"
):
  actionview (4.1.6) lib/action_view/path_set.rb:46:in `find'
  actionview (4.1.6) lib/action_view/lookup_context.rb:124:in `find'
  actionview (4.1.6) lib/action_view/renderer/abstract_renderer.rb:18:in `find_template'
  actionview (4.1.6) lib/action_view/renderer/template_renderer.rb:41:in `determine_template'
  actionview (4.1.6) lib/action_view/renderer/template_renderer.rb:8:in `render'
  actionview (4.1.6) lib/action_view/renderer/renderer.rb:42:in `render_template'
  actionview (4.1.6) lib/action_view/renderer/renderer.rb:23:in `render'
  actionview (4.1.6) lib/action_view/rendering.rb:99:in `_render_template'
  actionpack (4.1.6) lib/action_controller/metal/streaming.rb:217:in `_render_template'
  actionview (4.1.6) lib/action_view/rendering.rb:82:in `render_to_body'
  actionpack (4.1.6) lib/action_controller/metal/rendering.rb:32:in `render_to_body'
  actionpack (4.1.6) lib/action_controller/metal/renderers.rb:32:in `render_to_body'
  actionpack (4.1.6) lib/abstract_controller/rendering.rb:25:in `render'
  actionpack (4.1.6) lib/action_controller/metal/rendering.rb:16:in `render'
  actionpack (4.1.6) lib/action_controller/metal/instrumentation.rb:41:in `block (2 levels) in render'
  activesupport (4.1.6) lib/active_support/core_ext/benchmark.rb:12:in `block in ms'
  /Users/Neil/.rvm/rubies/ruby-2.1.2/lib/ruby/2.1.0/benchmark.rb:294:in `realtime'
  activesupport (4.1.6) lib/active_support/core_ext/benchmark.rb:12:in `ms'
  actionpack (4.1.6) lib/action_controller/metal/instrumentation.rb:41:in `block in render'
  actionpack (4.1.6) lib/action_controller/metal/instrumentation.rb:84:in `cleanup_view_runtime'
  activerecord (4.1.6) lib/active_record/railties/controller_runtime.rb:25:in `cleanup_view_runtime'
  actionpack (4.1.6) lib/action_controller/metal/instrumentation.rb:40:in `render'
  actionpack (4.1.6) lib/action_controller/metal/implicit_render.rb:10:in `default_render'
  actionpack (4.1.6) lib/action_controller/metal/implicit_render.rb:5:in `send_action'
  actionpack (4.1.6) lib/abstract_controller/base.rb:189:in `process_action'
  actionpack (4.1.6) lib/action_controller/metal/rendering.rb:10:in `process_action'
  actionpack (4.1.6) lib/abstract_controller/callbacks.rb:20:in `block in process_action'
  activesupport (4.1.6) lib/active_support/callbacks.rb:113:in `call'
  activesupport (4.1.6) lib/active_support/callbacks.rb:113:in `call'
  activesupport (4.1.6) lib/active_support/callbacks.rb:229:in `block in halting'
  activesupport (4.1.6) lib/active_support/callbacks.rb:229:in `call'
  activesupport (4.1.6) lib/active_support/callbacks.rb:229:in `block in halting'
  activesupport (4.1.6) lib/active_support/callbacks.rb:166:in `call'
  activesupport (4.1.6) lib/active_support/callbacks.rb:166:in `block in halting'
  activesupport (4.1.6) lib/active_support/callbacks.rb:166:in `call'
  activesupport (4.1.6) lib/active_support/callbacks.rb:166:in `block in halting'
  activesupport (4.1.6) lib/active_support/callbacks.rb:166:in `call'
  activesupport (4.1.6) lib/active_support/callbacks.rb:166:in `block in halting'
  activesupport (4.1.6) lib/active_support/callbacks.rb:86:in `call'
  activesupport (4.1.6) lib/active_support/callbacks.rb:86:in `run_callbacks'
  actionpack (4.1.6) lib/abstract_controller/callbacks.rb:19:in `process_action'
  actionpack (4.1.6) lib/action_controller/metal/rescue.rb:29:in `process_action'
  actionpack (4.1.6) lib/action_controller/metal/instrumentation.rb:31:in `block in process_action'
  activesupport (4.1.6) lib/active_support/notifications.rb:159:in `block in instrument'
  activesupport (4.1.6) lib/active_support/notifications/instrumenter.rb:20:in `instrument'
  activesupport (4.1.6) lib/active_support/notifications.rb:159:in `instrument'
  actionpack (4.1.6) lib/action_controller/metal/instrumentation.rb:30:in `process_action'
  actionpack (4.1.6) lib/action_controller/metal/params_wrapper.rb:250:in `process_action'
  activerecord (4.1.6) lib/active_record/railties/controller_runtime.rb:18:in `process_action'
  actionpack (4.1.6) lib/abstract_controller/base.rb:136:in `process'
  actionview (4.1.6) lib/action_view/rendering.rb:30:in `process'
  actionpack (4.1.6) lib/action_controller/metal.rb:196:in `dispatch'
  actionpack (4.1.6) lib/action_controller/metal/rack_delegation.rb:13:in `dispatch'
  actionpack (4.1.6) lib/action_controller/metal.rb:232:in `block in action'
  actionpack (4.1.6) lib/action_dispatch/routing/route_set.rb:82:in `call'
  actionpack (4.1.6) lib/action_dispatch/routing/route_set.rb:82:in `dispatch'
  actionpack (4.1.6) lib/action_dispatch/routing/route_set.rb:50:in `call'
  actionpack (4.1.6) lib/action_dispatch/routing/mapper.rb:45:in `call'
  actionpack (4.1.6) lib/action_dispatch/journey/router.rb:73:in `block in call'
  actionpack (4.1.6) lib/action_dispatch/journey/router.rb:59:in `each'
  actionpack (4.1.6) lib/action_dispatch/journey/router.rb:59:in `call'
  actionpack (4.1.6) lib/action_dispatch/routing/route_set.rb:678:in `call'
  warden (1.2.3) lib/warden/manager.rb:35:in `block in call'
  warden (1.2.3) lib/warden/manager.rb:34:in `catch'
  warden (1.2.3) lib/warden/manager.rb:34:in `call'
  rack (1.5.2) lib/rack/etag.rb:23:in `call'
  rack (1.5.2) lib/rack/conditionalget.rb:25:in `call'
  rack (1.5.2) lib/rack/head.rb:11:in `call'
  actionpack (4.1.6) lib/action_dispatch/middleware/params_parser.rb:27:in `call'
  actionpack (4.1.6) lib/action_dispatch/middleware/flash.rb:254:in `call'
  rack (1.5.2) lib/rack/session/abstract/id.rb:225:in `context'
  rack (1.5.2) lib/rack/session/abstract/id.rb:220:in `call'
  actionpack (4.1.6) lib/action_dispatch/middleware/cookies.rb:560:in `call'
  activerecord (4.1.6) lib/active_record/query_cache.rb:36:in `call'
  activerecord (4.1.6) lib/active_record/connection_adapters/abstract/connection_pool.rb:621:in `call'
  activerecord (4.1.6) lib/active_record/migration.rb:380:in `call'
  actionpack (4.1.6) lib/action_dispatch/middleware/callbacks.rb:29:in `block in call'
  activesupport (4.1.6) lib/active_support/callbacks.rb:82:in `run_callbacks'
  actionpack (4.1.6) lib/action_dispatch/middleware/callbacks.rb:27:in `call'
  actionpack (4.1.6) lib/action_dispatch/middleware/reloader.rb:73:in `call'
  actionpack (4.1.6) lib/action_dispatch/middleware/remote_ip.rb:76:in `call'
  actionpack (4.1.6) lib/action_dispatch/middleware/debug_exceptions.rb:17:in `call'
  actionpack (4.1.6) lib/action_dispatch/middleware/show_exceptions.rb:30:in `call'
  railties (4.1.6) lib/rails/rack/logger.rb:38:in `call_app'
  railties (4.1.6) lib/rails/rack/logger.rb:20:in `block in call'
  activesupport (4.1.6) lib/active_support/tagged_logging.rb:68:in `block in tagged'
  activesupport (4.1.6) lib/active_support/tagged_logging.rb:26:in `tagged'
  activesupport (4.1.6) lib/active_support/tagged_logging.rb:68:in `tagged'
  railties (4.1.6) lib/rails/rack/logger.rb:20:in `call'
  actionpack (4.1.6) lib/action_dispatch/middleware/request_id.rb:21:in `call'
  rack (1.5.2) lib/rack/methodoverride.rb:21:in `call'
  rack (1.5.2) lib/rack/runtime.rb:17:in `call'
  activesupport (4.1.6) lib/active_support/cache/strategy/local_cache_middleware.rb:26:in `call'
  rack (1.5.2) lib/rack/lock.rb:17:in `call'
  actionpack (4.1.6) lib/action_dispatch/middleware/static.rb:64:in `call'
  rack (1.5.2) lib/rack/sendfile.rb:112:in `call'
  railties (4.1.6) lib/rails/engine.rb:514:in `call'
  railties (4.1.6) lib/rails/application.rb:144:in `call'
  rack (1.5.2) lib/rack/lock.rb:17:in `call'
  rack (1.5.2) lib/rack/content_length.rb:14:in `call'
  rack (1.5.2) lib/rack/handler/webrick.rb:60:in `service'
  /Users/Neil/.rvm/rubies/ruby-2.1.2/lib/ruby/2.1.0/webrick/httpserver.rb:138:in `service'
  /Users/Neil/.rvm/rubies/ruby-2.1.2/lib/ruby/2.1.0/webrick/httpserver.rb:94:in `run'
  /Users/Neil/.rvm/rubies/ruby-2.1.2/lib/ruby/2.1.0/webrick/server.rb:295:in `block in start_thread'


  Rendered /Users/Neil/.rvm/gems/ruby-2.1.2/gems/actionpack-4.1.6/lib/action_dispatch/middleware/templates/rescues/missing_template.html.erb within rescues/layout (0.4ms)


Started GET "/" for 127.0.0.1 at 2014-11-17 14:56:42 -0500
  [1m[35mUser Load (0.3ms)[0m  SELECT  "users".* FROM "users"  WHERE "users"."id" = 2 LIMIT 1
Processing by DashboardsController#show as HTML
  Rendered dashboards/show.html.erb within layouts/application (0.3ms)
Completed 200 OK in 22ms (Views: 21.4ms | ActiveRecord: 0.0ms)


Started GET "/assets/application.css?body=1" for 127.0.0.1 at 2014-11-17 14:56:42 -0500


Started GET "/assets/jquery_ujs.js?body=1" for 127.0.0.1 at 2014-11-17 14:56:42 -0500


Started GET "/assets/jquery.js?body=1" for 127.0.0.1 at 2014-11-17 14:56:42 -0500


Started GET "/assets/application.js?body=1" for 127.0.0.1 at 2014-11-17 14:56:42 -0500


Started GET "/assets/turbolinks.js?body=1" for 127.0.0.1 at 2014-11-17 14:56:42 -0500


Started GET "/" for 127.0.0.1 at 2014-11-17 14:59:54 -0500
  [1m[36mUser Load (0.2ms)[0m  [1mSELECT  "users".* FROM "users"  WHERE "users"."id" = 2 LIMIT 1[0m
Processing by DashboardsController#show as HTML
  Rendered dashboards/show.html.erb within layouts/application (0.3ms)
Completed 200 OK in 27ms (Views: 26.9ms | ActiveRecord: 0.0ms)


Started GET "/assets/application.css?body=1" for 127.0.0.1 at 2014-11-17 14:59:54 -0500


Started GET "/assets/jquery.js?body=1" for 127.0.0.1 at 2014-11-17 14:59:54 -0500


Started GET "/assets/turbolinks.js?body=1" for 127.0.0.1 at 2014-11-17 14:59:54 -0500


Started GET "/assets/jquery_ujs.js?body=1" for 127.0.0.1 at 2014-11-17 14:59:54 -0500


Started GET "/assets/application.js?body=1" for 127.0.0.1 at 2014-11-17 14:59:54 -0500


Started GET "/" for 127.0.0.1 at 2014-11-17 15:22:45 -0500
  [1m[36mActiveRecord::SchemaMigration Load (0.3ms)[0m  [1mSELECT "schema_migrations".* FROM "schema_migrations"[0m
  [1m[35mUser Load (0.5ms)[0m  SELECT  "users".* FROM "users"  WHERE "users"."id" = 2 LIMIT 1
Processing by DashboardsController#show as HTML
  Rendered dashboards/show.html.erb within layouts/application (1.4ms)
Completed 200 OK in 38ms (Views: 37.7ms | ActiveRecord: 0.0ms)


Started GET "/assets/jquery_ujs.js?body=1" for 127.0.0.1 at 2014-11-17 15:22:45 -0500


Started GET "/assets/jquery.js?body=1" for 127.0.0.1 at 2014-11-17 15:22:45 -0500


Started GET "/assets/application.css?body=1" for 127.0.0.1 at 2014-11-17 15:22:45 -0500


Started GET "/assets/turbolinks.js?body=1" for 127.0.0.1 at 2014-11-17 15:22:45 -0500


Started GET "/assets/application.js?body=1" for 127.0.0.1 at 2014-11-17 15:22:45 -0500


Started GET "/" for 127.0.0.1 at 2014-11-17 15:22:55 -0500
  [1m[36mUser Load (0.3ms)[0m  [1mSELECT  "users".* FROM "users"  WHERE "users"."id" = 2 LIMIT 1[0m
Processing by DashboardsController#show as HTML
  Rendered dashboards/show.html.erb within layouts/application (0.3ms)
Completed 200 OK in 20ms (Views: 20.3ms | ActiveRecord: 0.0ms)


Started GET "/assets/application.css?body=1" for 127.0.0.1 at 2014-11-17 15:22:55 -0500


Started GET "/assets/jquery_ujs.js?body=1" for 127.0.0.1 at 2014-11-17 15:22:55 -0500


Started GET "/assets/jquery.js?body=1" for 127.0.0.1 at 2014-11-17 15:22:55 -0500


Started GET "/assets/application.js?body=1" for 127.0.0.1 at 2014-11-17 15:22:55 -0500


Started GET "/assets/turbolinks.js?body=1" for 127.0.0.1 at 2014-11-17 15:22:55 -0500


Started GET "/" for 127.0.0.1 at 2014-11-17 15:26:51 -0500
  [1m[35mUser Load (0.4ms)[0m  SELECT  "users".* FROM "users"  WHERE "users"."id" = 2 LIMIT 1
Processing by DashboardsController#show as HTML
  Rendered dashboards/show.html.erb within layouts/application (0.4ms)
Completed 200 OK in 24ms (Views: 23.5ms | ActiveRecord: 0.0ms)


Started GET "/assets/application.css?body=1" for 127.0.0.1 at 2014-11-17 15:26:51 -0500


Started GET "/assets/jquery.js?body=1" for 127.0.0.1 at 2014-11-17 15:26:51 -0500


Started GET "/assets/turbolinks.js?body=1" for 127.0.0.1 at 2014-11-17 15:26:51 -0500


Started GET "/assets/jquery_ujs.js?body=1" for 127.0.0.1 at 2014-11-17 15:26:51 -0500


Started GET "/assets/application.js?body=1" for 127.0.0.1 at 2014-11-17 15:26:51 -0500


Started GET "/" for 127.0.0.1 at 2014-11-17 15:28:43 -0500
  [1m[36mUser Load (0.3ms)[0m  [1mSELECT  "users".* FROM "users"  WHERE "users"."id" = 2 LIMIT 1[0m
Processing by DashboardsController#show as HTML
  Rendered dashboards/show.html.erb within layouts/application (0.3ms)
Completed 200 OK in 20ms (Views: 20.2ms | ActiveRecord: 0.0ms)


Started GET "/assets/turbolinks.js?body=1" for 127.0.0.1 at 2014-11-17 15:28:43 -0500


Started GET "/assets/jquery.js?body=1" for 127.0.0.1 at 2014-11-17 15:28:43 -0500


Started GET "/assets/application.js?body=1" for 127.0.0.1 at 2014-11-17 15:28:43 -0500


Started GET "/assets/jquery_ujs.js?body=1" for 127.0.0.1 at 2014-11-17 15:28:43 -0500


Started GET "/assets/application.css?body=1" for 127.0.0.1 at 2014-11-17 15:28:43 -0500


Started GET "/rails/info" for 127.0.0.1 at 2014-11-17 15:28:47 -0500
Processing by Rails::InfoController#index as HTML
Redirected to http://localhost:3000/rails/info/routes
Completed 302 Found in 1ms (ActiveRecord: 0.0ms)


Started GET "/rails/info/routes" for 127.0.0.1 at 2014-11-17 15:28:47 -0500
Processing by Rails::InfoController#routes as HTML
  Rendered /Users/Neil/.rvm/gems/ruby-2.1.2/gems/actionpack-4.1.6/lib/action_dispatch/middleware/templates/routes/_route.html.erb (1.2ms)
  Rendered /Users/Neil/.rvm/gems/ruby-2.1.2/gems/actionpack-4.1.6/lib/action_dispatch/middleware/templates/routes/_table.html.erb (7.5ms)
  Rendered /Users/Neil/.rvm/gems/ruby-2.1.2/gems/railties-4.1.6/lib/rails/templates/rails/info/routes.html.erb within layouts/application (15.4ms)
Completed 200 OK in 19ms (Views: 18.9ms | ActiveRecord: 0.0ms)


Started GET "/rails/info/routes" for 127.0.0.1 at 2014-11-17 15:30:48 -0500
Processing by Rails::InfoController#routes as HTML
  Rendered /Users/Neil/.rvm/gems/ruby-2.1.2/gems/actionpack-4.1.6/lib/action_dispatch/middleware/templates/routes/_route.html.erb (0.8ms)
  Rendered /Users/Neil/.rvm/gems/ruby-2.1.2/gems/actionpack-4.1.6/lib/action_dispatch/middleware/templates/routes/_table.html.erb (0.4ms)
  Rendered /Users/Neil/.rvm/gems/ruby-2.1.2/gems/railties-4.1.6/lib/rails/templates/rails/info/routes.html.erb within layouts/application (3.4ms)
Completed 200 OK in 5ms (Views: 4.9ms | ActiveRecord: 0.0ms)


Started GET "/rails/info" for 127.0.0.1 at 2014-11-17 15:30:53 -0500
Processing by Rails::InfoController#index as HTML
Redirected to http://localhost:3000/rails/info/routes
Completed 302 Found in 1ms (ActiveRecord: 0.0ms)


Started GET "/rails/info/routes" for 127.0.0.1 at 2014-11-17 15:30:53 -0500
Processing by Rails::InfoController#routes as HTML
  Rendered /Users/Neil/.rvm/gems/ruby-2.1.2/gems/actionpack-4.1.6/lib/action_dispatch/middleware/templates/routes/_route.html.erb (0.5ms)
  Rendered /Users/Neil/.rvm/gems/ruby-2.1.2/gems/actionpack-4.1.6/lib/action_dispatch/middleware/templates/routes/_table.html.erb (0.2ms)
  Rendered /Users/Neil/.rvm/gems/ruby-2.1.2/gems/railties-4.1.6/lib/rails/templates/rails/info/routes.html.erb within layouts/application (2.8ms)
Completed 200 OK in 5ms (Views: 4.4ms | ActiveRecord: 0.0ms)


Started GET "/" for 127.0.0.1 at 2014-11-17 15:30:55 -0500
  [1m[35mUser Load (0.3ms)[0m  SELECT  "users".* FROM "users"  WHERE "users"."id" = 2 LIMIT 1
Processing by DashboardsController#show as HTML
  Rendered dashboards/show.html.erb within layouts/application (0.8ms)
Completed 200 OK in 23ms (Views: 22.6ms | ActiveRecord: 0.0ms)


Started GET "/assets/application.css?body=1" for 127.0.0.1 at 2014-11-17 15:30:55 -0500


Started GET "/assets/turbolinks.js?body=1" for 127.0.0.1 at 2014-11-17 15:30:55 -0500


Started GET "/assets/jquery_ujs.js?body=1" for 127.0.0.1 at 2014-11-17 15:30:55 -0500


Started GET "/assets/jquery.js?body=1" for 127.0.0.1 at 2014-11-17 15:30:55 -0500


Started GET "/assets/application.js?body=1" for 127.0.0.1 at 2014-11-17 15:30:55 -0500


Started GET "/" for 127.0.0.1 at 2014-11-17 15:31:04 -0500
  [1m[36mUser Load (0.3ms)[0m  [1mSELECT  "users".* FROM "users"  WHERE "users"."id" = 2 LIMIT 1[0m
Processing by DashboardsController#show as HTML
  Rendered dashboards/show.html.erb within layouts/application (0.6ms)
Completed 200 OK in 28ms (Views: 27.7ms | ActiveRecord: 0.0ms)


Started GET "/" for 127.0.0.1 at 2014-11-17 15:31:05 -0500
  [1m[35mUser Load (0.3ms)[0m  SELECT  "users".* FROM "users"  WHERE "users"."id" = 2 LIMIT 1
Processing by DashboardsController#show as HTML
  Rendered dashboards/show.html.erb within layouts/application (0.2ms)
Completed 200 OK in 26ms (Views: 25.4ms | ActiveRecord: 0.0ms)


Started GET "/" for 127.0.0.1 at 2014-11-17 15:31:05 -0500
  [1m[36mUser Load (0.3ms)[0m  [1mSELECT  "users".* FROM "users"  WHERE "users"."id" = 2 LIMIT 1[0m
Processing by DashboardsController#show as HTML
  Rendered dashboards/show.html.erb within layouts/application (0.4ms)
Completed 200 OK in 23ms (Views: 23.1ms | ActiveRecord: 0.0ms)


Started GET "/" for 127.0.0.1 at 2014-11-17 15:31:06 -0500
  [1m[35mUser Load (0.3ms)[0m  SELECT  "users".* FROM "users"  WHERE "users"."id" = 2 LIMIT 1
Processing by DashboardsController#show as HTML
  Rendered dashboards/show.html.erb within layouts/application (0.2ms)
Completed 200 OK in 20ms (Views: 20.3ms | ActiveRecord: 0.0ms)


Started GET "/" for 127.0.0.1 at 2014-11-17 15:31:06 -0500
  [1m[36mUser Load (0.4ms)[0m  [1mSELECT  "users".* FROM "users"  WHERE "users"."id" = 2 LIMIT 1[0m
Processing by DashboardsController#show as HTML
  Rendered dashboards/show.html.erb within layouts/application (0.5ms)
Completed 200 OK in 21ms (Views: 20.5ms | ActiveRecord: 0.0ms)


Started GET "/" for 127.0.0.1 at 2014-11-17 15:31:06 -0500
  [1m[35mUser Load (0.3ms)[0m  SELECT  "users".* FROM "users"  WHERE "users"."id" = 2 LIMIT 1
Processing by DashboardsController#show as HTML
  Rendered dashboards/show.html.erb within layouts/application (0.3ms)
Completed 200 OK in 25ms (Views: 25.1ms | ActiveRecord: 0.0ms)


Started GET "/" for 127.0.0.1 at 2014-11-17 15:31:07 -0500
  [1m[36mUser Load (0.4ms)[0m  [1mSELECT  "users".* FROM "users"  WHERE "users"."id" = 2 LIMIT 1[0m
Processing by DashboardsController#show as HTML
  Rendered dashboards/show.html.erb within layouts/application (0.3ms)
Completed 200 OK in 21ms (Views: 20.9ms | ActiveRecord: 0.0ms)


Started GET "/" for 127.0.0.1 at 2014-11-17 15:31:07 -0500
  [1m[35mUser Load (0.4ms)[0m  SELECT  "users".* FROM "users"  WHERE "users"."id" = 2 LIMIT 1
Processing by DashboardsController#show as HTML
  Rendered dashboards/show.html.erb within layouts/application (0.4ms)
Completed 200 OK in 24ms (Views: 23.7ms | ActiveRecord: 0.0ms)


Started GET "/" for 127.0.0.1 at 2014-11-17 15:31:08 -0500
  [1m[36mUser Load (0.3ms)[0m  [1mSELECT  "users".* FROM "users"  WHERE "users"."id" = 2 LIMIT 1[0m
Processing by DashboardsController#show as HTML
  Rendered dashboards/show.html.erb within layouts/application (0.2ms)
Completed 200 OK in 23ms (Views: 22.7ms | ActiveRecord: 0.0ms)


Started GET "/" for 127.0.0.1 at 2014-11-17 15:31:34 -0500
  [1m[35mUser Load (0.3ms)[0m  SELECT  "users".* FROM "users"  WHERE "users"."id" = 2 LIMIT 1
Processing by DashboardsController#show as HTML
  Rendered dashboards/show.html.erb within layouts/application (0.5ms)
Completed 500 Internal Server Error in 4ms

SyntaxError (/Users/Neil/Desktop/Metis_Work/rentr/app/views/dashboards/show.html.erb:5: syntax error, unexpected tIDENTIFIER, expecting ')'
...ink_to "Listings" listings_path );@output_buffer.safe_append...
...                               ^):
  app/views/dashboards/show.html.erb:5: syntax error, unexpected tIDENTIFIER, expecting ')'


  Rendered /Users/Neil/.rvm/gems/ruby-2.1.2/gems/actionpack-4.1.6/lib/action_dispatch/middleware/templates/rescues/_source.erb (0.4ms)
  Rendered /Users/Neil/.rvm/gems/ruby-2.1.2/gems/actionpack-4.1.6/lib/action_dispatch/middleware/templates/rescues/_trace.html.erb (1.0ms)
  Rendered /Users/Neil/.rvm/gems/ruby-2.1.2/gems/actionpack-4.1.6/lib/action_dispatch/middleware/templates/rescues/_request_and_response.html.erb (1.1ms)
  Rendered /Users/Neil/.rvm/gems/ruby-2.1.2/gems/actionpack-4.1.6/lib/action_dispatch/middleware/templates/rescues/diagnostics.erb within rescues/layout (12.7ms)


Started GET "/" for 127.0.0.1 at 2014-11-17 15:31:53 -0500
  [1m[36mUser Load (0.3ms)[0m  [1mSELECT  "users".* FROM "users"  WHERE "users"."id" = 2 LIMIT 1[0m
Processing by DashboardsController#show as HTML
  Rendered dashboards/show.html.erb within layouts/application (0.5ms)
Completed 200 OK in 28ms (Views: 28.3ms | ActiveRecord: 0.0ms)


Started GET "/assets/application.css?body=1" for 127.0.0.1 at 2014-11-17 15:31:53 -0500


Started GET "/assets/jquery_ujs.js?body=1" for 127.0.0.1 at 2014-11-17 15:31:53 -0500


Started GET "/assets/jquery.js?body=1" for 127.0.0.1 at 2014-11-17 15:31:53 -0500


Started GET "/assets/turbolinks.js?body=1" for 127.0.0.1 at 2014-11-17 15:31:53 -0500


Started GET "/assets/application.js?body=1" for 127.0.0.1 at 2014-11-17 15:31:53 -0500


Started GET "/listings" for 127.0.0.1 at 2014-11-17 15:31:57 -0500
Processing by ListingsController#index as HTML
  Rendered listings/index.html within layouts/application (0.9ms)
  [1m[35mUser Load (0.3ms)[0m  SELECT  "users".* FROM "users"  WHERE "users"."id" = 2 LIMIT 1
Completed 200 OK in 28ms (Views: 26.9ms | ActiveRecord: 0.3ms)


Started GET "/listings" for 127.0.0.1 at 2014-11-17 15:34:28 -0500
Processing by ListingsController#index as HTML
  Rendered listings/index.html within layouts/application (0.9ms)
Completed 500 Internal Server Error in 3ms

SyntaxError (/Users/Neil/Desktop/Metis_Work/rentr/app/views/listings/index.html:6: syntax error, unexpected '<'
  <%=link_to rental.name, listing_path(rental)
   ^
/Users/Neil/Desktop/Metis_Work/rentr/app/views/listings/index.html:12: syntax error, unexpected keyword_ensure, expecting keyword_end
/Users/Neil/Desktop/Metis_Work/rentr/app/views/listings/index.html:14: syntax error, unexpected end-of-input, expecting keyword_end):
  app/views/listings/index.html:6: syntax error, unexpected '<'
  app/views/listings/index.html:12: syntax error, unexpected keyword_ensure, expecting keyword_end
  app/views/listings/index.html:14: syntax error, unexpected end-of-input, expecting keyword_end


  Rendered /Users/Neil/.rvm/gems/ruby-2.1.2/gems/actionpack-4.1.6/lib/action_dispatch/middleware/templates/rescues/_source.erb (1.0ms)
  Rendered /Users/Neil/.rvm/gems/ruby-2.1.2/gems/actionpack-4.1.6/lib/action_dispatch/middleware/templates/rescues/_trace.html.erb (0.9ms)
  Rendered /Users/Neil/.rvm/gems/ruby-2.1.2/gems/actionpack-4.1.6/lib/action_dispatch/middleware/templates/rescues/_request_and_response.html.erb (0.8ms)
  Rendered /Users/Neil/.rvm/gems/ruby-2.1.2/gems/actionpack-4.1.6/lib/action_dispatch/middleware/templates/rescues/diagnostics.erb within rescues/layout (11.8ms)


Started GET "/listings" for 127.0.0.1 at 2014-11-17 15:35:01 -0500
Processing by ListingsController#index as HTML
Completed 500 Internal Server Error in 1ms

NameError (uninitialized constant ListingsController::Listing):
  app/controllers/listings_controller.rb:4:in `index'


  Rendered /Users/Neil/.rvm/gems/ruby-2.1.2/gems/actionpack-4.1.6/lib/action_dispatch/middleware/templates/rescues/_source.erb (0.7ms)
  Rendered /Users/Neil/.rvm/gems/ruby-2.1.2/gems/actionpack-4.1.6/lib/action_dispatch/middleware/templates/rescues/_trace.html.erb (0.9ms)
  Rendered /Users/Neil/.rvm/gems/ruby-2.1.2/gems/actionpack-4.1.6/lib/action_dispatch/middleware/templates/rescues/_request_and_response.html.erb (0.8ms)
  Rendered /Users/Neil/.rvm/gems/ruby-2.1.2/gems/actionpack-4.1.6/lib/action_dispatch/middleware/templates/rescues/diagnostics.erb within rescues/layout (11.8ms)


Started GET "/listings" for 127.0.0.1 at 2014-11-17 15:43:13 -0500
  [1m[36mActiveRecord::SchemaMigration Load (0.3ms)[0m  [1mSELECT "schema_migrations".* FROM "schema_migrations"[0m

ActiveRecord::PendingMigrationError (

Migrations are pending. To resolve this issue, run:

	bin/rake db:migrate RAILS_ENV=development

):
  activerecord (4.1.6) lib/active_record/migration.rb:389:in `check_pending!'
  activerecord (4.1.6) lib/active_record/migration.rb:377:in `call'
  actionpack (4.1.6) lib/action_dispatch/middleware/callbacks.rb:29:in `block in call'
  activesupport (4.1.6) lib/active_support/callbacks.rb:82:in `run_callbacks'
  actionpack (4.1.6) lib/action_dispatch/middleware/callbacks.rb:27:in `call'
  actionpack (4.1.6) lib/action_dispatch/middleware/reloader.rb:73:in `call'
  actionpack (4.1.6) lib/action_dispatch/middleware/remote_ip.rb:76:in `call'
  actionpack (4.1.6) lib/action_dispatch/middleware/debug_exceptions.rb:17:in `call'
  actionpack (4.1.6) lib/action_dispatch/middleware/show_exceptions.rb:30:in `call'
  railties (4.1.6) lib/rails/rack/logger.rb:38:in `call_app'
  railties (4.1.6) lib/rails/rack/logger.rb:20:in `block in call'
  activesupport (4.1.6) lib/active_support/tagged_logging.rb:68:in `block in tagged'
  activesupport (4.1.6) lib/active_support/tagged_logging.rb:26:in `tagged'
  activesupport (4.1.6) lib/active_support/tagged_logging.rb:68:in `tagged'
  railties (4.1.6) lib/rails/rack/logger.rb:20:in `call'
  actionpack (4.1.6) lib/action_dispatch/middleware/request_id.rb:21:in `call'
  rack (1.5.2) lib/rack/methodoverride.rb:21:in `call'
  rack (1.5.2) lib/rack/runtime.rb:17:in `call'
  activesupport (4.1.6) lib/active_support/cache/strategy/local_cache_middleware.rb:26:in `call'
  rack (1.5.2) lib/rack/lock.rb:17:in `call'
  actionpack (4.1.6) lib/action_dispatch/middleware/static.rb:64:in `call'
  rack (1.5.2) lib/rack/sendfile.rb:112:in `call'
  railties (4.1.6) lib/rails/engine.rb:514:in `call'
  railties (4.1.6) lib/rails/application.rb:144:in `call'
  rack (1.5.2) lib/rack/lock.rb:17:in `call'
  rack (1.5.2) lib/rack/content_length.rb:14:in `call'
  rack (1.5.2) lib/rack/handler/webrick.rb:60:in `service'
  /Users/Neil/.rvm/rubies/ruby-2.1.2/lib/ruby/2.1.0/webrick/httpserver.rb:138:in `service'
  /Users/Neil/.rvm/rubies/ruby-2.1.2/lib/ruby/2.1.0/webrick/httpserver.rb:94:in `run'
  /Users/Neil/.rvm/rubies/ruby-2.1.2/lib/ruby/2.1.0/webrick/server.rb:295:in `block in start_thread'


  Rendered /Users/Neil/.rvm/gems/ruby-2.1.2/gems/actionpack-4.1.6/lib/action_dispatch/middleware/templates/rescues/_source.erb (0.5ms)
  Rendered /Users/Neil/.rvm/gems/ruby-2.1.2/gems/actionpack-4.1.6/lib/action_dispatch/middleware/templates/rescues/_trace.html.erb (0.7ms)
  Rendered /Users/Neil/.rvm/gems/ruby-2.1.2/gems/actionpack-4.1.6/lib/action_dispatch/middleware/templates/rescues/_request_and_response.html.erb (0.7ms)
  Rendered /Users/Neil/.rvm/gems/ruby-2.1.2/gems/actionpack-4.1.6/lib/action_dispatch/middleware/templates/rescues/diagnostics.erb within rescues/layout (36.0ms)
  [1m[36mActiveRecord::SchemaMigration Load (0.4ms)[0m  [1mSELECT "schema_migrations".* FROM "schema_migrations"[0m
Migrating to CreateListings (20141117203615)
  [1m[35m (0.1ms)[0m  BEGIN
  [1m[36m (0.1ms)[0m  [1mROLLBACK[0m


Started GET "/listings" for 127.0.0.1 at 2014-11-17 15:44:02 -0500
  [1m[36mActiveRecord::SchemaMigration Load (0.3ms)[0m  [1mSELECT "schema_migrations".* FROM "schema_migrations"[0m

ActiveRecord::PendingMigrationError (

Migrations are pending. To resolve this issue, run:

	bin/rake db:migrate RAILS_ENV=development

):
  activerecord (4.1.6) lib/active_record/migration.rb:389:in `check_pending!'
  activerecord (4.1.6) lib/active_record/migration.rb:377:in `call'
  actionpack (4.1.6) lib/action_dispatch/middleware/callbacks.rb:29:in `block in call'
  activesupport (4.1.6) lib/active_support/callbacks.rb:82:in `run_callbacks'
  actionpack (4.1.6) lib/action_dispatch/middleware/callbacks.rb:27:in `call'
  actionpack (4.1.6) lib/action_dispatch/middleware/reloader.rb:73:in `call'
  actionpack (4.1.6) lib/action_dispatch/middleware/remote_ip.rb:76:in `call'
  actionpack (4.1.6) lib/action_dispatch/middleware/debug_exceptions.rb:17:in `call'
  actionpack (4.1.6) lib/action_dispatch/middleware/show_exceptions.rb:30:in `call'
  railties (4.1.6) lib/rails/rack/logger.rb:38:in `call_app'
  railties (4.1.6) lib/rails/rack/logger.rb:20:in `block in call'
  activesupport (4.1.6) lib/active_support/tagged_logging.rb:68:in `block in tagged'
  activesupport (4.1.6) lib/active_support/tagged_logging.rb:26:in `tagged'
  activesupport (4.1.6) lib/active_support/tagged_logging.rb:68:in `tagged'
  railties (4.1.6) lib/rails/rack/logger.rb:20:in `call'
  actionpack (4.1.6) lib/action_dispatch/middleware/request_id.rb:21:in `call'
  rack (1.5.2) lib/rack/methodoverride.rb:21:in `call'
  rack (1.5.2) lib/rack/runtime.rb:17:in `call'
  activesupport (4.1.6) lib/active_support/cache/strategy/local_cache_middleware.rb:26:in `call'
  rack (1.5.2) lib/rack/lock.rb:17:in `call'
  actionpack (4.1.6) lib/action_dispatch/middleware/static.rb:64:in `call'
  rack (1.5.2) lib/rack/sendfile.rb:112:in `call'
  railties (4.1.6) lib/rails/engine.rb:514:in `call'
  railties (4.1.6) lib/rails/application.rb:144:in `call'
  rack (1.5.2) lib/rack/lock.rb:17:in `call'
  rack (1.5.2) lib/rack/content_length.rb:14:in `call'
  rack (1.5.2) lib/rack/handler/webrick.rb:60:in `service'
  /Users/Neil/.rvm/rubies/ruby-2.1.2/lib/ruby/2.1.0/webrick/httpserver.rb:138:in `service'
  /Users/Neil/.rvm/rubies/ruby-2.1.2/lib/ruby/2.1.0/webrick/httpserver.rb:94:in `run'
  /Users/Neil/.rvm/rubies/ruby-2.1.2/lib/ruby/2.1.0/webrick/server.rb:295:in `block in start_thread'


  Rendered /Users/Neil/.rvm/gems/ruby-2.1.2/gems/actionpack-4.1.6/lib/action_dispatch/middleware/templates/rescues/_source.erb (0.5ms)
  Rendered /Users/Neil/.rvm/gems/ruby-2.1.2/gems/actionpack-4.1.6/lib/action_dispatch/middleware/templates/rescues/_trace.html.erb (0.8ms)
  Rendered /Users/Neil/.rvm/gems/ruby-2.1.2/gems/actionpack-4.1.6/lib/action_dispatch/middleware/templates/rescues/_request_and_response.html.erb (0.7ms)
  Rendered /Users/Neil/.rvm/gems/ruby-2.1.2/gems/actionpack-4.1.6/lib/action_dispatch/middleware/templates/rescues/diagnostics.erb within rescues/layout (35.0ms)
  [1m[36m (1.7ms)[0m  [1mCREATE TABLE "schema_migrations" ("version" character varying(255) NOT NULL) [0m
  [1m[35m (1.0ms)[0m  CREATE UNIQUE INDEX  "unique_schema_migrations" ON "schema_migrations"  ("version")
  [1m[36mActiveRecord::SchemaMigration Load (0.2ms)[0m  [1mSELECT "schema_migrations".* FROM "schema_migrations"[0m
Migrating to CreateUsers (20141117181054)
  [1m[35m (0.1ms)[0m  BEGIN
  [1m[36m (3.3ms)[0m  [1mCREATE TABLE "users" ("id" serial primary key, "email" character varying(255) NOT NULL, "password_digest" character varying(255) NOT NULL, "created_at" timestamp NOT NULL, "updated_at" timestamp NOT NULL) [0m
  [1m[35m (0.7ms)[0m  CREATE UNIQUE INDEX  "index_users_on_email" ON "users"  ("email")
  [1m[36mSQL (0.2ms)[0m  [1mINSERT INTO "schema_migrations" ("version") VALUES ($1)[0m  [["version", "20141117181054"]]
  [1m[35m (0.4ms)[0m  COMMIT
Migrating to CreateListings (20141117203615)
  [1m[36m (0.2ms)[0m  [1mBEGIN[0m
  [1m[35m (0.1ms)[0m  ROLLBACK


Started GET "/listings" for 127.0.0.1 at 2014-11-17 15:44:34 -0500
  [1m[36mActiveRecord::SchemaMigration Load (0.3ms)[0m  [1mSELECT "schema_migrations".* FROM "schema_migrations"[0m

ActiveRecord::PendingMigrationError (

Migrations are pending. To resolve this issue, run:

	bin/rake db:migrate RAILS_ENV=development

):
  activerecord (4.1.6) lib/active_record/migration.rb:389:in `check_pending!'
  activerecord (4.1.6) lib/active_record/migration.rb:377:in `call'
  actionpack (4.1.6) lib/action_dispatch/middleware/callbacks.rb:29:in `block in call'
  activesupport (4.1.6) lib/active_support/callbacks.rb:82:in `run_callbacks'
  actionpack (4.1.6) lib/action_dispatch/middleware/callbacks.rb:27:in `call'
  actionpack (4.1.6) lib/action_dispatch/middleware/reloader.rb:73:in `call'
  actionpack (4.1.6) lib/action_dispatch/middleware/remote_ip.rb:76:in `call'
  actionpack (4.1.6) lib/action_dispatch/middleware/debug_exceptions.rb:17:in `call'
  actionpack (4.1.6) lib/action_dispatch/middleware/show_exceptions.rb:30:in `call'
  railties (4.1.6) lib/rails/rack/logger.rb:38:in `call_app'
  railties (4.1.6) lib/rails/rack/logger.rb:20:in `block in call'
  activesupport (4.1.6) lib/active_support/tagged_logging.rb:68:in `block in tagged'
  activesupport (4.1.6) lib/active_support/tagged_logging.rb:26:in `tagged'
  activesupport (4.1.6) lib/active_support/tagged_logging.rb:68:in `tagged'
  railties (4.1.6) lib/rails/rack/logger.rb:20:in `call'
  actionpack (4.1.6) lib/action_dispatch/middleware/request_id.rb:21:in `call'
  rack (1.5.2) lib/rack/methodoverride.rb:21:in `call'
  rack (1.5.2) lib/rack/runtime.rb:17:in `call'
  activesupport (4.1.6) lib/active_support/cache/strategy/local_cache_middleware.rb:26:in `call'
  rack (1.5.2) lib/rack/lock.rb:17:in `call'
  actionpack (4.1.6) lib/action_dispatch/middleware/static.rb:64:in `call'
  rack (1.5.2) lib/rack/sendfile.rb:112:in `call'
  railties (4.1.6) lib/rails/engine.rb:514:in `call'
  railties (4.1.6) lib/rails/application.rb:144:in `call'
  rack (1.5.2) lib/rack/lock.rb:17:in `call'
  rack (1.5.2) lib/rack/content_length.rb:14:in `call'
  rack (1.5.2) lib/rack/handler/webrick.rb:60:in `service'
  /Users/Neil/.rvm/rubies/ruby-2.1.2/lib/ruby/2.1.0/webrick/httpserver.rb:138:in `service'
  /Users/Neil/.rvm/rubies/ruby-2.1.2/lib/ruby/2.1.0/webrick/httpserver.rb:94:in `run'
  /Users/Neil/.rvm/rubies/ruby-2.1.2/lib/ruby/2.1.0/webrick/server.rb:295:in `block in start_thread'


  Rendered /Users/Neil/.rvm/gems/ruby-2.1.2/gems/actionpack-4.1.6/lib/action_dispatch/middleware/templates/rescues/_source.erb (0.5ms)
  Rendered /Users/Neil/.rvm/gems/ruby-2.1.2/gems/actionpack-4.1.6/lib/action_dispatch/middleware/templates/rescues/_trace.html.erb (0.8ms)
  Rendered /Users/Neil/.rvm/gems/ruby-2.1.2/gems/actionpack-4.1.6/lib/action_dispatch/middleware/templates/rescues/_request_and_response.html.erb (0.8ms)
  Rendered /Users/Neil/.rvm/gems/ruby-2.1.2/gems/actionpack-4.1.6/lib/action_dispatch/middleware/templates/rescues/diagnostics.erb within rescues/layout (34.8ms)


Started GET "/" for 127.0.0.1 at 2014-11-17 15:45:07 -0500
  [1m[36mActiveRecord::SchemaMigration Load (0.3ms)[0m  [1mSELECT "schema_migrations".* FROM "schema_migrations"[0m

ActiveRecord::PendingMigrationError (

Migrations are pending. To resolve this issue, run:

	bin/rake db:migrate RAILS_ENV=development

):
  activerecord (4.1.6) lib/active_record/migration.rb:389:in `check_pending!'
  activerecord (4.1.6) lib/active_record/migration.rb:377:in `call'
  actionpack (4.1.6) lib/action_dispatch/middleware/callbacks.rb:29:in `block in call'
  activesupport (4.1.6) lib/active_support/callbacks.rb:82:in `run_callbacks'
  actionpack (4.1.6) lib/action_dispatch/middleware/callbacks.rb:27:in `call'
  actionpack (4.1.6) lib/action_dispatch/middleware/reloader.rb:73:in `call'
  actionpack (4.1.6) lib/action_dispatch/middleware/remote_ip.rb:76:in `call'
  actionpack (4.1.6) lib/action_dispatch/middleware/debug_exceptions.rb:17:in `call'
  actionpack (4.1.6) lib/action_dispatch/middleware/show_exceptions.rb:30:in `call'
  railties (4.1.6) lib/rails/rack/logger.rb:38:in `call_app'
  railties (4.1.6) lib/rails/rack/logger.rb:20:in `block in call'
  activesupport (4.1.6) lib/active_support/tagged_logging.rb:68:in `block in tagged'
  activesupport (4.1.6) lib/active_support/tagged_logging.rb:26:in `tagged'
  activesupport (4.1.6) lib/active_support/tagged_logging.rb:68:in `tagged'
  railties (4.1.6) lib/rails/rack/logger.rb:20:in `call'
  actionpack (4.1.6) lib/action_dispatch/middleware/request_id.rb:21:in `call'
  rack (1.5.2) lib/rack/methodoverride.rb:21:in `call'
  rack (1.5.2) lib/rack/runtime.rb:17:in `call'
  activesupport (4.1.6) lib/active_support/cache/strategy/local_cache_middleware.rb:26:in `call'
  rack (1.5.2) lib/rack/lock.rb:17:in `call'
  actionpack (4.1.6) lib/action_dispatch/middleware/static.rb:64:in `call'
  rack (1.5.2) lib/rack/sendfile.rb:112:in `call'
  railties (4.1.6) lib/rails/engine.rb:514:in `call'
  railties (4.1.6) lib/rails/application.rb:144:in `call'
  rack (1.5.2) lib/rack/lock.rb:17:in `call'
  rack (1.5.2) lib/rack/content_length.rb:14:in `call'
  rack (1.5.2) lib/rack/handler/webrick.rb:60:in `service'
  /Users/Neil/.rvm/rubies/ruby-2.1.2/lib/ruby/2.1.0/webrick/httpserver.rb:138:in `service'
  /Users/Neil/.rvm/rubies/ruby-2.1.2/lib/ruby/2.1.0/webrick/httpserver.rb:94:in `run'
  /Users/Neil/.rvm/rubies/ruby-2.1.2/lib/ruby/2.1.0/webrick/server.rb:295:in `block in start_thread'


  Rendered /Users/Neil/.rvm/gems/ruby-2.1.2/gems/actionpack-4.1.6/lib/action_dispatch/middleware/templates/rescues/_source.erb (0.5ms)
  Rendered /Users/Neil/.rvm/gems/ruby-2.1.2/gems/actionpack-4.1.6/lib/action_dispatch/middleware/templates/rescues/_trace.html.erb (0.8ms)
  Rendered /Users/Neil/.rvm/gems/ruby-2.1.2/gems/actionpack-4.1.6/lib/action_dispatch/middleware/templates/rescues/_request_and_response.html.erb (0.7ms)
  Rendered /Users/Neil/.rvm/gems/ruby-2.1.2/gems/actionpack-4.1.6/lib/action_dispatch/middleware/templates/rescues/diagnostics.erb within rescues/layout (34.1ms)
  [1m[36mActiveRecord::SchemaMigration Load (0.3ms)[0m  [1mSELECT "schema_migrations".* FROM "schema_migrations"[0m
Migrating to CreateListings (20141117203615)
  [1m[35m (0.1ms)[0m  BEGIN
  [1m[36m (0.1ms)[0m  [1mROLLBACK[0m
  [1m[36mActiveRecord::SchemaMigration Load (0.3ms)[0m  [1mSELECT "schema_migrations".* FROM "schema_migrations"[0m
Migrating to CreateListings (20141117203615)
  [1m[35m (0.1ms)[0m  BEGIN
  [1m[36m (4.0ms)[0m  [1mCREATE TABLE "listings" ("id" serial primary key, "name" character varying(255) NOT NULL, "desription" character varying(255) NOT NULL, "user_id" integer, "image_url" character varying(255), "created_at" timestamp, "updated_at" timestamp) [0m
  [1m[35mSQL (0.2ms)[0m  INSERT INTO "schema_migrations" ("version") VALUES ($1)  [["version", "20141117203615"]]
  [1m[36m (0.4ms)[0m  [1mCOMMIT[0m
  [1m[35mActiveRecord::SchemaMigration Load (0.2ms)[0m  SELECT "schema_migrations".* FROM "schema_migrations"


Started GET "/" for 127.0.0.1 at 2014-11-17 15:45:54 -0500
  [1m[36mActiveRecord::SchemaMigration Load (0.3ms)[0m  [1mSELECT "schema_migrations".* FROM "schema_migrations"[0m
  [1m[35mUser Load (0.5ms)[0m  SELECT  "users".* FROM "users"  WHERE "users"."id" = 2 LIMIT 1

ActionController::RoutingError (uninitialized constant LandingsController):
  activesupport (4.1.6) lib/active_support/inflector/methods.rb:238:in `const_get'
  activesupport (4.1.6) lib/active_support/inflector/methods.rb:238:in `block in constantize'
  activesupport (4.1.6) lib/active_support/inflector/methods.rb:236:in `each'
  activesupport (4.1.6) lib/active_support/inflector/methods.rb:236:in `inject'
  activesupport (4.1.6) lib/active_support/inflector/methods.rb:236:in `constantize'
  actionpack (4.1.6) lib/action_dispatch/routing/route_set.rb:78:in `controller_reference'
  actionpack (4.1.6) lib/action_dispatch/routing/route_set.rb:68:in `controller'
  actionpack (4.1.6) lib/action_dispatch/routing/route_set.rb:46:in `call'
  actionpack (4.1.6) lib/action_dispatch/routing/mapper.rb:45:in `call'
  actionpack (4.1.6) lib/action_dispatch/journey/router.rb:73:in `block in call'
  actionpack (4.1.6) lib/action_dispatch/journey/router.rb:59:in `each'
  actionpack (4.1.6) lib/action_dispatch/journey/router.rb:59:in `call'
  actionpack (4.1.6) lib/action_dispatch/routing/route_set.rb:678:in `call'
  warden (1.2.3) lib/warden/manager.rb:35:in `block in call'
  warden (1.2.3) lib/warden/manager.rb:34:in `catch'
  warden (1.2.3) lib/warden/manager.rb:34:in `call'
  rack (1.5.2) lib/rack/etag.rb:23:in `call'
  rack (1.5.2) lib/rack/conditionalget.rb:25:in `call'
  rack (1.5.2) lib/rack/head.rb:11:in `call'
  actionpack (4.1.6) lib/action_dispatch/middleware/params_parser.rb:27:in `call'
  actionpack (4.1.6) lib/action_dispatch/middleware/flash.rb:254:in `call'
  rack (1.5.2) lib/rack/session/abstract/id.rb:225:in `context'
  rack (1.5.2) lib/rack/session/abstract/id.rb:220:in `call'
  actionpack (4.1.6) lib/action_dispatch/middleware/cookies.rb:560:in `call'
  activerecord (4.1.6) lib/active_record/query_cache.rb:36:in `call'
  activerecord (4.1.6) lib/active_record/connection_adapters/abstract/connection_pool.rb:621:in `call'
  activerecord (4.1.6) lib/active_record/migration.rb:380:in `call'
  actionpack (4.1.6) lib/action_dispatch/middleware/callbacks.rb:29:in `block in call'
  activesupport (4.1.6) lib/active_support/callbacks.rb:82:in `run_callbacks'
  actionpack (4.1.6) lib/action_dispatch/middleware/callbacks.rb:27:in `call'
  actionpack (4.1.6) lib/action_dispatch/middleware/reloader.rb:73:in `call'
  actionpack (4.1.6) lib/action_dispatch/middleware/remote_ip.rb:76:in `call'
  actionpack (4.1.6) lib/action_dispatch/middleware/debug_exceptions.rb:17:in `call'
  actionpack (4.1.6) lib/action_dispatch/middleware/show_exceptions.rb:30:in `call'
  railties (4.1.6) lib/rails/rack/logger.rb:38:in `call_app'
  railties (4.1.6) lib/rails/rack/logger.rb:20:in `block in call'
  activesupport (4.1.6) lib/active_support/tagged_logging.rb:68:in `block in tagged'
  activesupport (4.1.6) lib/active_support/tagged_logging.rb:26:in `tagged'
  activesupport (4.1.6) lib/active_support/tagged_logging.rb:68:in `tagged'
  railties (4.1.6) lib/rails/rack/logger.rb:20:in `call'
  actionpack (4.1.6) lib/action_dispatch/middleware/request_id.rb:21:in `call'
  rack (1.5.2) lib/rack/methodoverride.rb:21:in `call'
  rack (1.5.2) lib/rack/runtime.rb:17:in `call'
  activesupport (4.1.6) lib/active_support/cache/strategy/local_cache_middleware.rb:26:in `call'
  rack (1.5.2) lib/rack/lock.rb:17:in `call'
  actionpack (4.1.6) lib/action_dispatch/middleware/static.rb:64:in `call'
  rack (1.5.2) lib/rack/sendfile.rb:112:in `call'
  railties (4.1.6) lib/rails/engine.rb:514:in `call'
  railties (4.1.6) lib/rails/application.rb:144:in `call'
  rack (1.5.2) lib/rack/lock.rb:17:in `call'
  rack (1.5.2) lib/rack/content_length.rb:14:in `call'
  rack (1.5.2) lib/rack/handler/webrick.rb:60:in `service'
  /Users/Neil/.rvm/rubies/ruby-2.1.2/lib/ruby/2.1.0/webrick/httpserver.rb:138:in `service'
  /Users/Neil/.rvm/rubies/ruby-2.1.2/lib/ruby/2.1.0/webrick/httpserver.rb:94:in `run'
  /Users/Neil/.rvm/rubies/ruby-2.1.2/lib/ruby/2.1.0/webrick/server.rb:295:in `block in start_thread'


  Rendered /Users/Neil/.rvm/gems/ruby-2.1.2/gems/actionpack-4.1.6/lib/action_dispatch/middleware/templates/rescues/_trace.html.erb (0.8ms)
  Rendered /Users/Neil/.rvm/gems/ruby-2.1.2/gems/actionpack-4.1.6/lib/action_dispatch/middleware/templates/routes/_route.html.erb (1.5ms)
  Rendered /Users/Neil/.rvm/gems/ruby-2.1.2/gems/actionpack-4.1.6/lib/action_dispatch/middleware/templates/routes/_table.html.erb (6.8ms)
  Rendered /Users/Neil/.rvm/gems/ruby-2.1.2/gems/actionpack-4.1.6/lib/action_dispatch/middleware/templates/rescues/routing_error.html.erb within rescues/layout (30.4ms)


Started GET "/listings" for 127.0.0.1 at 2014-11-17 15:45:59 -0500
Processing by ListingsController#index as HTML
  Rendered listings/index.html within layouts/application (0.4ms)
Completed 500 Internal Server Error in 3ms

SyntaxError (/Users/Neil/Desktop/Metis_Work/rentr/app/views/listings/index.html:6: syntax error, unexpected '<'
  <%=link_to rental.name, listing_path(rental)
   ^
/Users/Neil/Desktop/Metis_Work/rentr/app/views/listings/index.html:12: syntax error, unexpected keyword_ensure, expecting keyword_end
/Users/Neil/Desktop/Metis_Work/rentr/app/views/listings/index.html:14: syntax error, unexpected end-of-input, expecting keyword_end):
  app/views/listings/index.html:6: syntax error, unexpected '<'
  app/views/listings/index.html:12: syntax error, unexpected keyword_ensure, expecting keyword_end
  app/views/listings/index.html:14: syntax error, unexpected end-of-input, expecting keyword_end


  Rendered /Users/Neil/.rvm/gems/ruby-2.1.2/gems/actionpack-4.1.6/lib/action_dispatch/middleware/templates/rescues/_source.erb (0.5ms)
  Rendered /Users/Neil/.rvm/gems/ruby-2.1.2/gems/actionpack-4.1.6/lib/action_dispatch/middleware/templates/rescues/_trace.html.erb (1.0ms)
  Rendered /Users/Neil/.rvm/gems/ruby-2.1.2/gems/actionpack-4.1.6/lib/action_dispatch/middleware/templates/rescues/_request_and_response.html.erb (0.7ms)
  Rendered /Users/Neil/.rvm/gems/ruby-2.1.2/gems/actionpack-4.1.6/lib/action_dispatch/middleware/templates/rescues/diagnostics.erb within rescues/layout (11.9ms)


Started GET "/listings" for 127.0.0.1 at 2014-11-17 15:47:02 -0500
  [1m[36mActiveRecord::SchemaMigration Load (0.2ms)[0m  [1mSELECT "schema_migrations".* FROM "schema_migrations"[0m
Processing by ListingsController#index as HTML
  [1m[35mListing Load (0.3ms)[0m  SELECT "listings".* FROM "listings"
  Rendered listings/index.html within layouts/application (0.9ms)
  [1m[36mUser Load (0.3ms)[0m  [1mSELECT  "users".* FROM "users"  WHERE "users"."id" = 2 LIMIT 1[0m
Completed 200 OK in 38ms (Views: 37.3ms | ActiveRecord: 0.6ms)


Started GET "/assets/application.css?body=1" for 127.0.0.1 at 2014-11-17 15:47:02 -0500


Started GET "/assets/jquery.js?body=1" for 127.0.0.1 at 2014-11-17 15:47:02 -0500


Started GET "/assets/jquery_ujs.js?body=1" for 127.0.0.1 at 2014-11-17 15:47:02 -0500


Started GET "/assets/turbolinks.js?body=1" for 127.0.0.1 at 2014-11-17 15:47:02 -0500


Started GET "/assets/application.js?body=1" for 127.0.0.1 at 2014-11-17 15:47:02 -0500


Started GET "/" for 127.0.0.1 at 2014-11-17 15:48:02 -0500

ActionController::RoutingError (uninitialized constant LandingsController):
  activesupport (4.1.6) lib/active_support/inflector/methods.rb:238:in `const_get'
  activesupport (4.1.6) lib/active_support/inflector/methods.rb:238:in `block in constantize'
  activesupport (4.1.6) lib/active_support/inflector/methods.rb:236:in `each'
  activesupport (4.1.6) lib/active_support/inflector/methods.rb:236:in `inject'
  activesupport (4.1.6) lib/active_support/inflector/methods.rb:236:in `constantize'
  actionpack (4.1.6) lib/action_dispatch/routing/route_set.rb:78:in `controller_reference'
  actionpack (4.1.6) lib/action_dispatch/routing/route_set.rb:68:in `controller'
  actionpack (4.1.6) lib/action_dispatch/routing/route_set.rb:46:in `call'
  actionpack (4.1.6) lib/action_dispatch/routing/mapper.rb:45:in `call'
  actionpack (4.1.6) lib/action_dispatch/journey/router.rb:73:in `block in call'
  actionpack (4.1.6) lib/action_dispatch/journey/router.rb:59:in `each'
  actionpack (4.1.6) lib/action_dispatch/journey/router.rb:59:in `call'
  actionpack (4.1.6) lib/action_dispatch/routing/route_set.rb:678:in `call'
  warden (1.2.3) lib/warden/manager.rb:35:in `block in call'
  warden (1.2.3) lib/warden/manager.rb:34:in `catch'
  warden (1.2.3) lib/warden/manager.rb:34:in `call'
  rack (1.5.2) lib/rack/etag.rb:23:in `call'
  rack (1.5.2) lib/rack/conditionalget.rb:25:in `call'
  rack (1.5.2) lib/rack/head.rb:11:in `call'
  actionpack (4.1.6) lib/action_dispatch/middleware/params_parser.rb:27:in `call'
  actionpack (4.1.6) lib/action_dispatch/middleware/flash.rb:254:in `call'
  rack (1.5.2) lib/rack/session/abstract/id.rb:225:in `context'
  rack (1.5.2) lib/rack/session/abstract/id.rb:220:in `call'
  actionpack (4.1.6) lib/action_dispatch/middleware/cookies.rb:560:in `call'
  activerecord (4.1.6) lib/active_record/query_cache.rb:36:in `call'
  activerecord (4.1.6) lib/active_record/connection_adapters/abstract/connection_pool.rb:621:in `call'
  activerecord (4.1.6) lib/active_record/migration.rb:380:in `call'
  actionpack (4.1.6) lib/action_dispatch/middleware/callbacks.rb:29:in `block in call'
  activesupport (4.1.6) lib/active_support/callbacks.rb:82:in `run_callbacks'
  actionpack (4.1.6) lib/action_dispatch/middleware/callbacks.rb:27:in `call'
  actionpack (4.1.6) lib/action_dispatch/middleware/reloader.rb:73:in `call'
  actionpack (4.1.6) lib/action_dispatch/middleware/remote_ip.rb:76:in `call'
  actionpack (4.1.6) lib/action_dispatch/middleware/debug_exceptions.rb:17:in `call'
  actionpack (4.1.6) lib/action_dispatch/middleware/show_exceptions.rb:30:in `call'
  railties (4.1.6) lib/rails/rack/logger.rb:38:in `call_app'
  railties (4.1.6) lib/rails/rack/logger.rb:20:in `block in call'
  activesupport (4.1.6) lib/active_support/tagged_logging.rb:68:in `block in tagged'
  activesupport (4.1.6) lib/active_support/tagged_logging.rb:26:in `tagged'
  activesupport (4.1.6) lib/active_support/tagged_logging.rb:68:in `tagged'
  railties (4.1.6) lib/rails/rack/logger.rb:20:in `call'
  actionpack (4.1.6) lib/action_dispatch/middleware/request_id.rb:21:in `call'
  rack (1.5.2) lib/rack/methodoverride.rb:21:in `call'
  rack (1.5.2) lib/rack/runtime.rb:17:in `call'
  activesupport (4.1.6) lib/active_support/cache/strategy/local_cache_middleware.rb:26:in `call'
  rack (1.5.2) lib/rack/lock.rb:17:in `call'
  actionpack (4.1.6) lib/action_dispatch/middleware/static.rb:64:in `call'
  rack (1.5.2) lib/rack/sendfile.rb:112:in `call'
  railties (4.1.6) lib/rails/engine.rb:514:in `call'
  railties (4.1.6) lib/rails/application.rb:144:in `call'
  rack (1.5.2) lib/rack/lock.rb:17:in `call'
  rack (1.5.2) lib/rack/content_length.rb:14:in `call'
  rack (1.5.2) lib/rack/handler/webrick.rb:60:in `service'
  /Users/Neil/.rvm/rubies/ruby-2.1.2/lib/ruby/2.1.0/webrick/httpserver.rb:138:in `service'
  /Users/Neil/.rvm/rubies/ruby-2.1.2/lib/ruby/2.1.0/webrick/httpserver.rb:94:in `run'
  /Users/Neil/.rvm/rubies/ruby-2.1.2/lib/ruby/2.1.0/webrick/server.rb:295:in `block in start_thread'


  Rendered /Users/Neil/.rvm/gems/ruby-2.1.2/gems/actionpack-4.1.6/lib/action_dispatch/middleware/templates/rescues/_trace.html.erb (1.0ms)
  Rendered /Users/Neil/.rvm/gems/ruby-2.1.2/gems/actionpack-4.1.6/lib/action_dispatch/middleware/templates/routes/_route.html.erb (1.0ms)
  Rendered /Users/Neil/.rvm/gems/ruby-2.1.2/gems/actionpack-4.1.6/lib/action_dispatch/middleware/templates/routes/_table.html.erb (0.9ms)
  Rendered /Users/Neil/.rvm/gems/ruby-2.1.2/gems/actionpack-4.1.6/lib/action_dispatch/middleware/templates/rescues/routing_error.html.erb within rescues/layout (16.1ms)


Started GET "/users/new" for 127.0.0.1 at 2014-11-17 15:48:09 -0500
Processing by UsersController#new as HTML
  Rendered users/new.html.erb within layouts/application (11.4ms)
Completed 200 OK in 40ms (Views: 36.7ms | ActiveRecord: 1.7ms)


Started GET "/assets/jquery.js?body=1" for 127.0.0.1 at 2014-11-17 15:48:09 -0500


Started GET "/assets/turbolinks.js?body=1" for 127.0.0.1 at 2014-11-17 15:48:09 -0500


Started GET "/assets/application.css?body=1" for 127.0.0.1 at 2014-11-17 15:48:09 -0500


Started GET "/assets/jquery_ujs.js?body=1" for 127.0.0.1 at 2014-11-17 15:48:09 -0500


Started GET "/assets/application.js?body=1" for 127.0.0.1 at 2014-11-17 15:48:09 -0500


Started GET "/users/new" for 127.0.0.1 at 2014-11-17 15:48:14 -0500
Processing by UsersController#new as HTML
  Rendered users/new.html.erb within layouts/application (1.8ms)
Completed 200 OK in 23ms (Views: 22.0ms | ActiveRecord: 0.0ms)


Started GET "/users/new" for 127.0.0.1 at 2014-11-17 15:48:15 -0500
Processing by UsersController#new as HTML
  Rendered users/new.html.erb within layouts/application (1.8ms)
Completed 200 OK in 24ms (Views: 23.7ms | ActiveRecord: 0.0ms)


Started GET "/users/new" for 127.0.0.1 at 2014-11-17 15:48:17 -0500
Processing by UsersController#new as HTML
  Rendered users/new.html.erb within layouts/application (1.6ms)
Completed 200 OK in 27ms (Views: 26.5ms | ActiveRecord: 0.0ms)


Started GET "/users/new" for 127.0.0.1 at 2014-11-17 15:48:17 -0500
Processing by UsersController#new as HTML
  Rendered users/new.html.erb within layouts/application (1.2ms)
Completed 200 OK in 23ms (Views: 22.6ms | ActiveRecord: 0.0ms)


Started POST "/users" for 127.0.0.1 at 2014-11-17 15:48:30 -0500
Processing by UsersController#create as HTML
  Parameters: {"utf8"=>"✓", "authenticity_token"=>"At/KnmrOC3mmBTVAK8uQE3sm+ldGVgOXdpmqlKagMFE=", "user"=>{"email"=>"a@a.a", "password"=>"[FILTERED]"}, "commit"=>"Sign up"}
  [1m[35m (0.2ms)[0m  BEGIN
  [1m[36mUser Exists (0.6ms)[0m  [1mSELECT  1 AS one FROM "users"  WHERE "users"."email" = 'a@a.a' LIMIT 1[0m
  [1m[35mSQL (0.5ms)[0m  INSERT INTO "users" ("created_at", "email", "password_digest", "updated_at") VALUES ($1, $2, $3, $4) RETURNING "id"  [["created_at", "2014-11-17 20:48:30.704031"], ["email", "a@a.a"], ["password_digest", "$2a$10$SBEiRsQ89JvjJywn.nebyOIAQK8vi...1Mv6OcSaCE3/mQqlHjxCa"], ["updated_at", "2014-11-17 20:48:30.704031"]]
  [1m[36m (0.5ms)[0m  [1mCOMMIT[0m
  [1m[35mUser Exists (0.3ms)[0m  SELECT  1 AS one FROM "users"  WHERE ("users"."email" = 'a@a.a' AND "users"."id" != 1) LIMIT 1
Redirected to http://localhost:3000/
Completed 302 Found in 89ms (ActiveRecord: 2.1ms)


Started GET "/" for 127.0.0.1 at 2014-11-17 15:48:30 -0500
  [1m[36mUser Load (0.3ms)[0m  [1mSELECT  "users".* FROM "users"  WHERE "users"."id" = 1 LIMIT 1[0m
Processing by DashboardsController#show as HTML
  Rendered dashboards/show.html.erb within layouts/application (0.5ms)
Completed 200 OK in 21ms (Views: 20.5ms | ActiveRecord: 0.0ms)


Started GET "/assets/application.css?body=1" for 127.0.0.1 at 2014-11-17 15:48:30 -0500


Started GET "/assets/application.js?body=1" for 127.0.0.1 at 2014-11-17 15:48:30 -0500


Started GET "/assets/turbolinks.js?body=1" for 127.0.0.1 at 2014-11-17 15:48:30 -0500


Started GET "/assets/jquery.js?body=1" for 127.0.0.1 at 2014-11-17 15:48:30 -0500


Started GET "/assets/jquery_ujs.js?body=1" for 127.0.0.1 at 2014-11-17 15:48:30 -0500


Started GET "/listings" for 127.0.0.1 at 2014-11-17 15:48:34 -0500
Processing by ListingsController#index as HTML
  [1m[35mListing Load (0.4ms)[0m  SELECT "listings".* FROM "listings"
  Rendered listings/index.html within layouts/application (1.5ms)
  [1m[36mUser Load (0.3ms)[0m  [1mSELECT  "users".* FROM "users"  WHERE "users"."id" = 1 LIMIT 1[0m
Completed 200 OK in 24ms (Views: 22.5ms | ActiveRecord: 0.6ms)
